{"C:\\Users\\mkotler\\OneDrive - Microsoft\\Code\\Tools\\github-review\\app\\src\\App.tsx": {"path":"C:\\Users\\mkotler\\OneDrive - Microsoft\\Code\\Tools\\github-review\\app\\src\\App.tsx","all":true,"statementMap":{"0":{"start":{"line":1,"column":0},"end":{"line":1,"column":20}},"1":{"start":{"line":2,"column":0},"end":{"line":2,"column":98}},"2":{"start":{"line":3,"column":0},"end":{"line":3,"column":90}},"3":{"start":{"line":4,"column":0},"end":{"line":4,"column":46}},"4":{"start":{"line":5,"column":0},"end":{"line":5,"column":47}},"5":{"start":{"line":6,"column":0},"end":{"line":6,"column":63}},"6":{"start":{"line":7,"column":0},"end":{"line":7,"column":43}},"7":{"start":{"line":8,"column":0},"end":{"line":8,"column":35}},"8":{"start":{"line":9,"column":0},"end":{"line":9,"column":51}},"9":{"start":{"line":10,"column":0},"end":{"line":10,"column":35}},"10":{"start":{"line":11,"column":0},"end":{"line":11,"column":45}},"11":{"start":{"line":12,"column":0},"end":{"line":12,"column":58}},"12":{"start":{"line":13,"column":0},"end":{"line":13,"column":42}},"13":{"start":{"line":14,"column":0},"end":{"line":14,"column":30}},"14":{"start":{"line":15,"column":0},"end":{"line":15,"column":54}},"15":{"start":{"line":16,"column":0},"end":{"line":16,"column":47}},"16":{"start":{"line":17,"column":0},"end":{"line":17,"column":51}},"17":{"start":{"line":18,"column":0},"end":{"line":18,"column":0}},"18":{"start":{"line":19,"column":0},"end":{"line":19,"column":19}},"19":{"start":{"line":20,"column":0},"end":{"line":20,"column":28}},"20":{"start":{"line":21,"column":0},"end":{"line":21,"column":24}},"21":{"start":{"line":22,"column":0},"end":{"line":22,"column":29}},"22":{"start":{"line":23,"column":0},"end":{"line":23,"column":95}},"23":{"start":{"line":24,"column":0},"end":{"line":24,"column":2}},"24":{"start":{"line":25,"column":0},"end":{"line":25,"column":0}},"25":{"start":{"line":26,"column":0},"end":{"line":26,"column":27}},"26":{"start":{"line":27,"column":0},"end":{"line":27,"column":17}},"27":{"start":{"line":28,"column":0},"end":{"line":28,"column":16}},"28":{"start":{"line":29,"column":0},"end":{"line":29,"column":17}},"29":{"start":{"line":30,"column":0},"end":{"line":30,"column":21}},"30":{"start":{"line":31,"column":0},"end":{"line":31,"column":19}},"31":{"start":{"line":32,"column":0},"end":{"line":32,"column":30}},"32":{"start":{"line":33,"column":0},"end":{"line":33,"column":21}},"33":{"start":{"line":34,"column":0},"end":{"line":34,"column":16}},"34":{"start":{"line":35,"column":0},"end":{"line":35,"column":18}},"35":{"start":{"line":36,"column":0},"end":{"line":36,"column":19}},"36":{"start":{"line":37,"column":0},"end":{"line":37,"column":2}},"37":{"start":{"line":38,"column":0},"end":{"line":38,"column":0}},"38":{"start":{"line":39,"column":0},"end":{"line":39,"column":27}},"39":{"start":{"line":40,"column":0},"end":{"line":40,"column":0}},"40":{"start":{"line":41,"column":0},"end":{"line":41,"column":24}},"41":{"start":{"line":42,"column":0},"end":{"line":42,"column":15}},"42":{"start":{"line":43,"column":0},"end":{"line":43,"column":17}},"43":{"start":{"line":44,"column":0},"end":{"line":44,"column":20}},"44":{"start":{"line":45,"column":0},"end":{"line":45,"column":20}},"45":{"start":{"line":46,"column":0},"end":{"line":46,"column":24}},"46":{"start":{"line":47,"column":0},"end":{"line":47,"column":31}},"47":{"start":{"line":48,"column":0},"end":{"line":48,"column":31}},"48":{"start":{"line":49,"column":0},"end":{"line":49,"column":25}},"49":{"start":{"line":50,"column":0},"end":{"line":50,"column":36}},"50":{"start":{"line":51,"column":0},"end":{"line":51,"column":2}},"51":{"start":{"line":52,"column":0},"end":{"line":52,"column":0}},"52":{"start":{"line":53,"column":0},"end":{"line":53,"column":26}},"53":{"start":{"line":54,"column":0},"end":{"line":54,"column":17}},"54":{"start":{"line":55,"column":0},"end":{"line":55,"column":16}},"55":{"start":{"line":56,"column":0},"end":{"line":56,"column":23}},"56":{"start":{"line":57,"column":0},"end":{"line":57,"column":17}},"57":{"start":{"line":58,"column":0},"end":{"line":58,"column":19}},"58":{"start":{"line":59,"column":0},"end":{"line":59,"column":19}},"59":{"start":{"line":60,"column":0},"end":{"line":60,"column":27}},"60":{"start":{"line":61,"column":0},"end":{"line":61,"column":33}},"61":{"start":{"line":62,"column":0},"end":{"line":62,"column":36}},"62":{"start":{"line":63,"column":0},"end":{"line":63,"column":31}},"63":{"start":{"line":64,"column":0},"end":{"line":64,"column":2}},"64":{"start":{"line":65,"column":0},"end":{"line":65,"column":0}},"65":{"start":{"line":66,"column":0},"end":{"line":66,"column":16}},"66":{"start":{"line":67,"column":0},"end":{"line":67,"column":16}},"67":{"start":{"line":68,"column":0},"end":{"line":68,"column":15}},"68":{"start":{"line":69,"column":0},"end":{"line":69,"column":2}},"69":{"start":{"line":70,"column":0},"end":{"line":70,"column":0}},"70":{"start":{"line":71,"column":0},"end":{"line":71,"column":27}},"71":{"start":{"line":72,"column":0},"end":{"line":72,"column":13}},"72":{"start":{"line":73,"column":0},"end":{"line":73,"column":15}},"73":{"start":{"line":74,"column":0},"end":{"line":74,"column":17}},"74":{"start":{"line":75,"column":0},"end":{"line":75,"column":21}},"75":{"start":{"line":76,"column":0},"end":{"line":76,"column":14}},"76":{"start":{"line":77,"column":0},"end":{"line":77,"column":23}},"77":{"start":{"line":78,"column":0},"end":{"line":78,"column":23}},"78":{"start":{"line":79,"column":0},"end":{"line":79,"column":33}},"79":{"start":{"line":80,"column":0},"end":{"line":80,"column":29}},"80":{"start":{"line":81,"column":0},"end":{"line":81,"column":20}},"81":{"start":{"line":82,"column":0},"end":{"line":82,"column":24}},"82":{"start":{"line":83,"column":0},"end":{"line":83,"column":19}},"83":{"start":{"line":84,"column":0},"end":{"line":84,"column":28}},"84":{"start":{"line":85,"column":0},"end":{"line":85,"column":33}},"85":{"start":{"line":86,"column":0},"end":{"line":86,"column":28}},"86":{"start":{"line":87,"column":0},"end":{"line":87,"column":2}},"87":{"start":{"line":88,"column":0},"end":{"line":88,"column":0}},"88":{"start":{"line":89,"column":0},"end":{"line":89,"column":26}},"89":{"start":{"line":90,"column":0},"end":{"line":90,"column":13}},"90":{"start":{"line":91,"column":0},"end":{"line":91,"column":16}},"91":{"start":{"line":92,"column":0},"end":{"line":92,"column":17}},"92":{"start":{"line":93,"column":0},"end":{"line":93,"column":31}},"93":{"start":{"line":94,"column":0},"end":{"line":94,"column":23}},"94":{"start":{"line":95,"column":0},"end":{"line":95,"column":27}},"95":{"start":{"line":96,"column":0},"end":{"line":96,"column":28}},"96":{"start":{"line":97,"column":0},"end":{"line":97,"column":19}},"97":{"start":{"line":98,"column":0},"end":{"line":98,"column":2}},"98":{"start":{"line":99,"column":0},"end":{"line":99,"column":0}},"99":{"start":{"line":100,"column":0},"end":{"line":100,"column":22}},"100":{"start":{"line":101,"column":0},"end":{"line":101,"column":16}},"101":{"start":{"line":102,"column":0},"end":{"line":102,"column":15}},"102":{"start":{"line":103,"column":0},"end":{"line":103,"column":17}},"103":{"start":{"line":104,"column":0},"end":{"line":104,"column":16}},"104":{"start":{"line":105,"column":0},"end":{"line":105,"column":28}},"105":{"start":{"line":106,"column":0},"end":{"line":106,"column":30}},"106":{"start":{"line":107,"column":0},"end":{"line":107,"column":23}},"107":{"start":{"line":108,"column":0},"end":{"line":108,"column":22}},"108":{"start":{"line":109,"column":0},"end":{"line":109,"column":17}},"109":{"start":{"line":110,"column":0},"end":{"line":110,"column":19}},"110":{"start":{"line":111,"column":0},"end":{"line":111,"column":19}},"111":{"start":{"line":112,"column":0},"end":{"line":112,"column":31}},"112":{"start":{"line":113,"column":0},"end":{"line":113,"column":2}},"113":{"start":{"line":114,"column":0},"end":{"line":114,"column":0}},"114":{"start":{"line":115,"column":0},"end":{"line":115,"column":28}},"115":{"start":{"line":116,"column":0},"end":{"line":116,"column":16}},"116":{"start":{"line":117,"column":0},"end":{"line":117,"column":18}},"117":{"start":{"line":118,"column":0},"end":{"line":118,"column":18}},"118":{"start":{"line":119,"column":0},"end":{"line":119,"column":2}},"119":{"start":{"line":120,"column":0},"end":{"line":120,"column":0}},"120":{"start":{"line":121,"column":0},"end":{"line":121,"column":48}},"121":{"start":{"line":122,"column":0},"end":{"line":122,"column":0}},"122":{"start":{"line":123,"column":0},"end":{"line":123,"column":47}},"123":{"start":{"line":124,"column":0},"end":{"line":124,"column":22}},"124":{"start":{"line":125,"column":0},"end":{"line":125,"column":11}},"125":{"start":{"line":126,"column":0},"end":{"line":126,"column":82}},"126":{"start":{"line":127,"column":0},"end":{"line":127,"column":2}},"127":{"start":{"line":128,"column":0},"end":{"line":128,"column":0}},"128":{"start":{"line":129,"column":0},"end":{"line":129,"column":28}},"129":{"start":{"line":130,"column":0},"end":{"line":130,"column":26}},"130":{"start":{"line":131,"column":0},"end":{"line":131,"column":24}},"131":{"start":{"line":132,"column":0},"end":{"line":132,"column":27}},"132":{"start":{"line":133,"column":0},"end":{"line":133,"column":33}},"133":{"start":{"line":134,"column":0},"end":{"line":134,"column":0}},"134":{"start":{"line":135,"column":0},"end":{"line":135,"column":95}},"135":{"start":{"line":136,"column":0},"end":{"line":136,"column":0}},"136":{"start":{"line":137,"column":0},"end":{"line":137,"column":43}},"137":{"start":{"line":138,"column":0},"end":{"line":138,"column":52}},"138":{"start":{"line":139,"column":0},"end":{"line":139,"column":39}},"139":{"start":{"line":140,"column":0},"end":{"line":140,"column":67}},"140":{"start":{"line":141,"column":0},"end":{"line":141,"column":67}},"141":{"start":{"line":142,"column":0},"end":{"line":142,"column":33}},"142":{"start":{"line":143,"column":0},"end":{"line":143,"column":36}},"143":{"start":{"line":144,"column":0},"end":{"line":144,"column":47}},"144":{"start":{"line":145,"column":0},"end":{"line":145,"column":0}},"145":{"start":{"line":146,"column":0},"end":{"line":146,"column":25}},"146":{"start":{"line":147,"column":0},"end":{"line":147,"column":19}},"147":{"start":{"line":148,"column":0},"end":{"line":148,"column":20}},"148":{"start":{"line":149,"column":0},"end":{"line":149,"column":2}},"149":{"start":{"line":150,"column":0},"end":{"line":150,"column":0}},"150":{"start":{"line":151,"column":0},"end":{"line":151,"column":62}},"151":{"start":{"line":152,"column":0},"end":{"line":152,"column":0}},"152":{"start":{"line":153,"column":0},"end":{"line":153,"column":25}},"153":{"start":{"line":154,"column":0},"end":{"line":154,"column":35}},"154":{"start":{"line":155,"column":0},"end":{"line":155,"column":39}},"155":{"start":{"line":156,"column":0},"end":{"line":156,"column":37}},"156":{"start":{"line":157,"column":0},"end":{"line":157,"column":2}},"157":{"start":{"line":158,"column":0},"end":{"line":158,"column":0}},"158":{"start":{"line":159,"column":0},"end":{"line":159,"column":69}},"159":{"start":{"line":160,"column":0},"end":{"line":160,"column":0}},"160":{"start":{"line":161,"column":0},"end":{"line":161,"column":27}},"161":{"start":{"line":162,"column":0},"end":{"line":162,"column":18}},"162":{"start":{"line":163,"column":0},"end":{"line":163,"column":17}},"163":{"start":{"line":164,"column":0},"end":{"line":164,"column":20}},"164":{"start":{"line":165,"column":0},"end":{"line":165,"column":19}},"165":{"start":{"line":166,"column":0},"end":{"line":166,"column":2}},"166":{"start":{"line":167,"column":0},"end":{"line":167,"column":0}},"167":{"start":{"line":168,"column":0},"end":{"line":168,"column":75}},"168":{"start":{"line":169,"column":0},"end":{"line":169,"column":17}},"169":{"start":{"line":170,"column":0},"end":{"line":170,"column":12}},"170":{"start":{"line":171,"column":0},"end":{"line":171,"column":32}},"171":{"start":{"line":172,"column":0},"end":{"line":172,"column":63}},"172":{"start":{"line":173,"column":0},"end":{"line":173,"column":62}},"173":{"start":{"line":174,"column":0},"end":{"line":174,"column":4}},"174":{"start":{"line":175,"column":0},"end":{"line":175,"column":2}},"175":{"start":{"line":176,"column":0},"end":{"line":176,"column":0}},"176":{"start":{"line":177,"column":0},"end":{"line":177,"column":84}},"177":{"start":{"line":178,"column":0},"end":{"line":178,"column":44}},"178":{"start":{"line":179,"column":0},"end":{"line":179,"column":21}},"179":{"start":{"line":180,"column":0},"end":{"line":180,"column":3}},"180":{"start":{"line":181,"column":0},"end":{"line":181,"column":0}},"181":{"start":{"line":182,"column":0},"end":{"line":182,"column":34}},"182":{"start":{"line":183,"column":0},"end":{"line":183,"column":42}},"183":{"start":{"line":184,"column":0},"end":{"line":184,"column":3}},"184":{"start":{"line":185,"column":0},"end":{"line":185,"column":0}},"185":{"start":{"line":186,"column":0},"end":{"line":186,"column":43}},"186":{"start":{"line":187,"column":0},"end":{"line":187,"column":80}},"187":{"start":{"line":188,"column":0},"end":{"line":188,"column":36}},"188":{"start":{"line":189,"column":0},"end":{"line":189,"column":26}},"189":{"start":{"line":190,"column":0},"end":{"line":190,"column":5}},"190":{"start":{"line":191,"column":0},"end":{"line":191,"column":3}},"191":{"start":{"line":192,"column":0},"end":{"line":192,"column":0}},"192":{"start":{"line":193,"column":0},"end":{"line":193,"column":61}},"193":{"start":{"line":194,"column":0},"end":{"line":194,"column":2}},"194":{"start":{"line":195,"column":0},"end":{"line":195,"column":0}},"195":{"start":{"line":196,"column":0},"end":{"line":196,"column":49}},"196":{"start":{"line":197,"column":0},"end":{"line":197,"column":38}},"197":{"start":{"line":198,"column":0},"end":{"line":198,"column":14}},"198":{"start":{"line":199,"column":0},"end":{"line":199,"column":3}},"199":{"start":{"line":200,"column":0},"end":{"line":200,"column":7}},"200":{"start":{"line":201,"column":0},"end":{"line":201,"column":67}},"201":{"start":{"line":202,"column":0},"end":{"line":202,"column":67}},"202":{"start":{"line":203,"column":0},"end":{"line":203,"column":18}},"203":{"start":{"line":204,"column":0},"end":{"line":204,"column":16}},"204":{"start":{"line":205,"column":0},"end":{"line":205,"column":5}},"205":{"start":{"line":206,"column":0},"end":{"line":206,"column":38}},"206":{"start":{"line":207,"column":0},"end":{"line":207,"column":48}},"207":{"start":{"line":208,"column":0},"end":{"line":208,"column":16}},"208":{"start":{"line":209,"column":0},"end":{"line":209,"column":5}},"209":{"start":{"line":210,"column":0},"end":{"line":210,"column":24}},"210":{"start":{"line":211,"column":0},"end":{"line":211,"column":75}},"211":{"start":{"line":212,"column":0},"end":{"line":212,"column":83}},"212":{"start":{"line":213,"column":0},"end":{"line":213,"column":79}},"213":{"start":{"line":214,"column":0},"end":{"line":214,"column":6}},"214":{"start":{"line":215,"column":0},"end":{"line":215,"column":22}},"215":{"start":{"line":216,"column":0},"end":{"line":216,"column":19}},"216":{"start":{"line":217,"column":0},"end":{"line":217,"column":14}},"217":{"start":{"line":218,"column":0},"end":{"line":218,"column":3}},"218":{"start":{"line":219,"column":0},"end":{"line":219,"column":2}},"219":{"start":{"line":220,"column":0},"end":{"line":220,"column":0}},"220":{"start":{"line":221,"column":0},"end":{"line":221,"column":100}},"221":{"start":{"line":222,"column":0},"end":{"line":222,"column":20}},"222":{"start":{"line":223,"column":0},"end":{"line":223,"column":21}},"223":{"start":{"line":224,"column":0},"end":{"line":224,"column":3}},"224":{"start":{"line":225,"column":0},"end":{"line":225,"column":25}},"225":{"start":{"line":226,"column":0},"end":{"line":226,"column":44}},"226":{"start":{"line":227,"column":0},"end":{"line":227,"column":58}},"227":{"start":{"line":228,"column":0},"end":{"line":228,"column":55}},"228":{"start":{"line":229,"column":0},"end":{"line":229,"column":27}},"229":{"start":{"line":230,"column":0},"end":{"line":230,"column":5}},"230":{"start":{"line":231,"column":0},"end":{"line":231,"column":3}},"231":{"start":{"line":232,"column":0},"end":{"line":232,"column":63}},"232":{"start":{"line":233,"column":0},"end":{"line":233,"column":2}},"233":{"start":{"line":234,"column":0},"end":{"line":234,"column":0}},"234":{"start":{"line":235,"column":0},"end":{"line":235,"column":73}},"235":{"start":{"line":236,"column":0},"end":{"line":236,"column":18}},"236":{"start":{"line":237,"column":0},"end":{"line":237,"column":46}},"237":{"start":{"line":238,"column":0},"end":{"line":238,"column":54}},"238":{"start":{"line":239,"column":0},"end":{"line":239,"column":50}},"239":{"start":{"line":240,"column":0},"end":{"line":240,"column":4}},"240":{"start":{"line":241,"column":0},"end":{"line":241,"column":16}},"241":{"start":{"line":242,"column":0},"end":{"line":242,"column":2}},"242":{"start":{"line":243,"column":0},"end":{"line":243,"column":0}},"243":{"start":{"line":244,"column":0},"end":{"line":244,"column":41}},"244":{"start":{"line":245,"column":0},"end":{"line":245,"column":36}},"245":{"start":{"line":246,"column":0},"end":{"line":246,"column":65}},"246":{"start":{"line":247,"column":0},"end":{"line":247,"column":38}},"247":{"start":{"line":248,"column":0},"end":{"line":248,"column":83}},"248":{"start":{"line":249,"column":0},"end":{"line":249,"column":10}},"249":{"start":{"line":250,"column":0},"end":{"line":250,"column":41}},"250":{"start":{"line":251,"column":0},"end":{"line":251,"column":0}},"251":{"start":{"line":252,"column":0},"end":{"line":252,"column":29}},"252":{"start":{"line":253,"column":0},"end":{"line":253,"column":0}},"253":{"start":{"line":254,"column":0},"end":{"line":254,"column":63}},"254":{"start":{"line":255,"column":0},"end":{"line":255,"column":47}},"255":{"start":{"line":256,"column":0},"end":{"line":256,"column":87}},"256":{"start":{"line":257,"column":0},"end":{"line":257,"column":4}},"257":{"start":{"line":258,"column":0},"end":{"line":258,"column":0}},"258":{"start":{"line":259,"column":0},"end":{"line":259,"column":40}},"259":{"start":{"line":260,"column":0},"end":{"line":260,"column":75}},"260":{"start":{"line":261,"column":0},"end":{"line":261,"column":31}},"261":{"start":{"line":262,"column":0},"end":{"line":262,"column":121}},"262":{"start":{"line":263,"column":0},"end":{"line":263,"column":105}},"263":{"start":{"line":264,"column":0},"end":{"line":264,"column":14}},"264":{"start":{"line":265,"column":0},"end":{"line":265,"column":23}},"265":{"start":{"line":266,"column":0},"end":{"line":266,"column":16}},"266":{"start":{"line":267,"column":0},"end":{"line":267,"column":55}},"267":{"start":{"line":268,"column":0},"end":{"line":268,"column":8}},"268":{"start":{"line":269,"column":0},"end":{"line":269,"column":5}},"269":{"start":{"line":270,"column":0},"end":{"line":270,"column":85}},"270":{"start":{"line":271,"column":0},"end":{"line":271,"column":14}},"271":{"start":{"line":272,"column":0},"end":{"line":272,"column":24}},"272":{"start":{"line":273,"column":0},"end":{"line":273,"column":69}},"273":{"start":{"line":274,"column":0},"end":{"line":274,"column":8}},"274":{"start":{"line":275,"column":0},"end":{"line":275,"column":5}},"275":{"start":{"line":276,"column":0},"end":{"line":276,"column":15}},"276":{"start":{"line":277,"column":0},"end":{"line":277,"column":4}},"277":{"start":{"line":278,"column":0},"end":{"line":278,"column":0}},"278":{"start":{"line":279,"column":0},"end":{"line":279,"column":47}},"279":{"start":{"line":280,"column":0},"end":{"line":280,"column":36}},"280":{"start":{"line":281,"column":0},"end":{"line":281,"column":63}},"281":{"start":{"line":282,"column":0},"end":{"line":282,"column":61}},"282":{"start":{"line":283,"column":0},"end":{"line":283,"column":51}},"283":{"start":{"line":284,"column":0},"end":{"line":284,"column":3}},"284":{"start":{"line":285,"column":0},"end":{"line":285,"column":81}},"285":{"start":{"line":286,"column":0},"end":{"line":286,"column":0}},"286":{"start":{"line":287,"column":0},"end":{"line":287,"column":79}},"287":{"start":{"line":288,"column":0},"end":{"line":288,"column":39}},"288":{"start":{"line":289,"column":0},"end":{"line":289,"column":59}},"289":{"start":{"line":290,"column":0},"end":{"line":290,"column":78}},"290":{"start":{"line":291,"column":0},"end":{"line":291,"column":31}},"291":{"start":{"line":292,"column":0},"end":{"line":292,"column":5}},"292":{"start":{"line":293,"column":0},"end":{"line":293,"column":4}},"293":{"start":{"line":294,"column":0},"end":{"line":294,"column":0}},"294":{"start":{"line":295,"column":0},"end":{"line":295,"column":47}},"295":{"start":{"line":296,"column":0},"end":{"line":296,"column":51}},"296":{"start":{"line":297,"column":0},"end":{"line":297,"column":45}},"297":{"start":{"line":298,"column":0},"end":{"line":298,"column":87}},"298":{"start":{"line":299,"column":0},"end":{"line":299,"column":22}},"299":{"start":{"line":300,"column":0},"end":{"line":300,"column":50}},"300":{"start":{"line":301,"column":0},"end":{"line":301,"column":5}},"301":{"start":{"line":302,"column":0},"end":{"line":302,"column":49}},"302":{"start":{"line":303,"column":0},"end":{"line":303,"column":27}},"303":{"start":{"line":304,"column":0},"end":{"line":304,"column":5}},"304":{"start":{"line":305,"column":0},"end":{"line":305,"column":0}},"305":{"start":{"line":306,"column":0},"end":{"line":306,"column":60}},"306":{"start":{"line":307,"column":0},"end":{"line":307,"column":63}},"307":{"start":{"line":308,"column":0},"end":{"line":308,"column":43}},"308":{"start":{"line":309,"column":0},"end":{"line":309,"column":30}},"309":{"start":{"line":310,"column":0},"end":{"line":310,"column":47}},"310":{"start":{"line":311,"column":0},"end":{"line":311,"column":5}},"311":{"start":{"line":312,"column":0},"end":{"line":312,"column":49}},"312":{"start":{"line":313,"column":0},"end":{"line":313,"column":27}},"313":{"start":{"line":314,"column":0},"end":{"line":314,"column":5}},"314":{"start":{"line":315,"column":0},"end":{"line":315,"column":0}},"315":{"start":{"line":316,"column":0},"end":{"line":316,"column":39}},"316":{"start":{"line":317,"column":0},"end":{"line":317,"column":32}},"317":{"start":{"line":318,"column":0},"end":{"line":318,"column":50}},"318":{"start":{"line":319,"column":0},"end":{"line":319,"column":0}},"319":{"start":{"line":320,"column":0},"end":{"line":320,"column":65}},"320":{"start":{"line":321,"column":0},"end":{"line":321,"column":28}},"321":{"start":{"line":322,"column":0},"end":{"line":322,"column":35}},"322":{"start":{"line":323,"column":0},"end":{"line":323,"column":23}},"323":{"start":{"line":324,"column":0},"end":{"line":324,"column":29}},"324":{"start":{"line":325,"column":0},"end":{"line":325,"column":40}},"325":{"start":{"line":326,"column":0},"end":{"line":326,"column":119}},"326":{"start":{"line":327,"column":0},"end":{"line":327,"column":7}},"327":{"start":{"line":328,"column":0},"end":{"line":328,"column":26}},"328":{"start":{"line":329,"column":0},"end":{"line":329,"column":13}},"329":{"start":{"line":330,"column":0},"end":{"line":330,"column":3}},"330":{"start":{"line":331,"column":0},"end":{"line":331,"column":3}},"331":{"start":{"line":332,"column":0},"end":{"line":332,"column":1}},"332":{"start":{"line":333,"column":0},"end":{"line":333,"column":0}},"333":{"start":{"line":334,"column":0},"end":{"line":334,"column":34}},"334":{"start":{"line":335,"column":0},"end":{"line":335,"column":53}},"335":{"start":{"line":336,"column":0},"end":{"line":336,"column":51}},"336":{"start":{"line":337,"column":0},"end":{"line":337,"column":5}},"337":{"start":{"line":338,"column":0},"end":{"line":338,"column":2}},"338":{"start":{"line":339,"column":0},"end":{"line":339,"column":0}},"339":{"start":{"line":340,"column":0},"end":{"line":340,"column":30}},"340":{"start":{"line":341,"column":0},"end":{"line":341,"column":30}},"341":{"start":{"line":342,"column":0},"end":{"line":342,"column":0}},"342":{"start":{"line":343,"column":0},"end":{"line":343,"column":42}},"343":{"start":{"line":344,"column":0},"end":{"line":344,"column":80}},"344":{"start":{"line":345,"column":0},"end":{"line":345,"column":17}},"345":{"start":{"line":346,"column":0},"end":{"line":346,"column":16}},"346":{"start":{"line":347,"column":0},"end":{"line":347,"column":21}},"347":{"start":{"line":348,"column":0},"end":{"line":348,"column":16}},"348":{"start":{"line":349,"column":0},"end":{"line":349,"column":15}},"349":{"start":{"line":350,"column":0},"end":{"line":350,"column":60}},"350":{"start":{"line":351,"column":0},"end":{"line":351,"column":21}},"351":{"start":{"line":352,"column":0},"end":{"line":352,"column":4}},"352":{"start":{"line":353,"column":0},"end":{"line":353,"column":66}},"353":{"start":{"line":354,"column":0},"end":{"line":354,"column":53}},"354":{"start":{"line":355,"column":0},"end":{"line":355,"column":2}},"355":{"start":{"line":356,"column":0},"end":{"line":356,"column":19}},"356":{"start":{"line":357,"column":0},"end":{"line":357,"column":26}},"357":{"start":{"line":358,"column":0},"end":{"line":358,"column":4}},"358":{"start":{"line":359,"column":0},"end":{"line":359,"column":36}},"359":{"start":{"line":360,"column":0},"end":{"line":360,"column":11}},"360":{"start":{"line":361,"column":0},"end":{"line":361,"column":75}},"361":{"start":{"line":362,"column":0},"end":{"line":362,"column":16}},"362":{"start":{"line":363,"column":0},"end":{"line":363,"column":15}},"363":{"start":{"line":364,"column":0},"end":{"line":364,"column":20}},"364":{"start":{"line":365,"column":0},"end":{"line":365,"column":14}},"365":{"start":{"line":366,"column":0},"end":{"line":366,"column":11}},"366":{"start":{"line":367,"column":0},"end":{"line":367,"column":8}},"367":{"start":{"line":368,"column":0},"end":{"line":368,"column":25}},"368":{"start":{"line":369,"column":0},"end":{"line":369,"column":47}},"369":{"start":{"line":370,"column":0},"end":{"line":370,"column":59}},"370":{"start":{"line":371,"column":0},"end":{"line":371,"column":53}},"371":{"start":{"line":372,"column":0},"end":{"line":372,"column":31}},"372":{"start":{"line":373,"column":0},"end":{"line":373,"column":32}},"373":{"start":{"line":374,"column":0},"end":{"line":374,"column":33}},"374":{"start":{"line":375,"column":0},"end":{"line":375,"column":31}},"375":{"start":{"line":376,"column":0},"end":{"line":376,"column":35}},"376":{"start":{"line":377,"column":0},"end":{"line":377,"column":32}},"377":{"start":{"line":378,"column":0},"end":{"line":378,"column":12}},"378":{"start":{"line":379,"column":0},"end":{"line":379,"column":63}},"379":{"start":{"line":380,"column":0},"end":{"line":380,"column":10}},"380":{"start":{"line":381,"column":0},"end":{"line":381,"column":64}},"381":{"start":{"line":382,"column":0},"end":{"line":382,"column":9}},"382":{"start":{"line":383,"column":0},"end":{"line":383,"column":21}},"383":{"start":{"line":384,"column":0},"end":{"line":384,"column":70}},"384":{"start":{"line":385,"column":0},"end":{"line":385,"column":25}},"385":{"start":{"line":386,"column":0},"end":{"line":386,"column":25}},"386":{"start":{"line":387,"column":0},"end":{"line":387,"column":9}},"387":{"start":{"line":388,"column":0},"end":{"line":388,"column":7}},"388":{"start":{"line":389,"column":0},"end":{"line":389,"column":6}},"389":{"start":{"line":390,"column":0},"end":{"line":390,"column":4}},"390":{"start":{"line":391,"column":0},"end":{"line":391,"column":17}},"391":{"start":{"line":392,"column":0},"end":{"line":392,"column":4}},"392":{"start":{"line":393,"column":0},"end":{"line":393,"column":18}},"393":{"start":{"line":394,"column":0},"end":{"line":394,"column":23}},"394":{"start":{"line":395,"column":0},"end":{"line":395,"column":6}},"395":{"start":{"line":396,"column":0},"end":{"line":396,"column":37}},"396":{"start":{"line":397,"column":0},"end":{"line":397,"column":2}},"397":{"start":{"line":398,"column":0},"end":{"line":398,"column":14}},"398":{"start":{"line":399,"column":0},"end":{"line":399,"column":75}},"399":{"start":{"line":400,"column":0},"end":{"line":400,"column":90}},"400":{"start":{"line":401,"column":0},"end":{"line":401,"column":62}},"401":{"start":{"line":402,"column":0},"end":{"line":402,"column":12}},"402":{"start":{"line":403,"column":0},"end":{"line":403,"column":3}},"403":{"start":{"line":404,"column":0},"end":{"line":404,"column":2}},"404":{"start":{"line":405,"column":0},"end":{"line":405,"column":19}},"405":{"start":{"line":406,"column":0},"end":{"line":406,"column":70}},"406":{"start":{"line":407,"column":0},"end":{"line":407,"column":3}},"407":{"start":{"line":408,"column":0},"end":{"line":408,"column":2}},"408":{"start":{"line":409,"column":0},"end":{"line":409,"column":10}},"409":{"start":{"line":410,"column":0},"end":{"line":410,"column":9}},"410":{"start":{"line":411,"column":0},"end":{"line":411,"column":22}},"411":{"start":{"line":412,"column":0},"end":{"line":412,"column":16}},"412":{"start":{"line":413,"column":0},"end":{"line":413,"column":23}},"413":{"start":{"line":414,"column":0},"end":{"line":414,"column":50}},"414":{"start":{"line":415,"column":0},"end":{"line":415,"column":17}},"415":{"start":{"line":416,"column":0},"end":{"line":416,"column":6}},"416":{"start":{"line":417,"column":0},"end":{"line":417,"column":4}},"417":{"start":{"line":418,"column":0},"end":{"line":418,"column":1}},"418":{"start":{"line":419,"column":0},"end":{"line":419,"column":0}},"419":{"start":{"line":420,"column":0},"end":{"line":420,"column":74}},"420":{"start":{"line":421,"column":0},"end":{"line":421,"column":50}},"421":{"start":{"line":422,"column":0},"end":{"line":422,"column":0}},"422":{"start":{"line":423,"column":0},"end":{"line":423,"column":21}},"423":{"start":{"line":424,"column":0},"end":{"line":424,"column":20}},"424":{"start":{"line":425,"column":0},"end":{"line":425,"column":20}},"425":{"start":{"line":426,"column":0},"end":{"line":426,"column":19}},"426":{"start":{"line":427,"column":0},"end":{"line":427,"column":25}},"427":{"start":{"line":428,"column":0},"end":{"line":428,"column":3}},"428":{"start":{"line":429,"column":0},"end":{"line":429,"column":0}},"429":{"start":{"line":430,"column":0},"end":{"line":430,"column":50}},"430":{"start":{"line":431,"column":0},"end":{"line":431,"column":61}},"431":{"start":{"line":432,"column":0},"end":{"line":432,"column":43}},"432":{"start":{"line":433,"column":0},"end":{"line":433,"column":58}},"433":{"start":{"line":434,"column":0},"end":{"line":434,"column":48}},"434":{"start":{"line":435,"column":0},"end":{"line":435,"column":0}},"435":{"start":{"line":436,"column":0},"end":{"line":436,"column":19}},"436":{"start":{"line":437,"column":0},"end":{"line":437,"column":56}},"437":{"start":{"line":438,"column":0},"end":{"line":438,"column":50}},"438":{"start":{"line":439,"column":0},"end":{"line":439,"column":13}},"439":{"start":{"line":440,"column":0},"end":{"line":440,"column":5}},"440":{"start":{"line":441,"column":0},"end":{"line":441,"column":4}},"441":{"start":{"line":442,"column":0},"end":{"line":442,"column":54}},"442":{"start":{"line":443,"column":0},"end":{"line":443,"column":70}},"443":{"start":{"line":444,"column":0},"end":{"line":444,"column":34}},"444":{"start":{"line":445,"column":0},"end":{"line":445,"column":28}},"445":{"start":{"line":446,"column":0},"end":{"line":446,"column":28}},"446":{"start":{"line":447,"column":0},"end":{"line":447,"column":40}},"447":{"start":{"line":448,"column":0},"end":{"line":448,"column":50}},"448":{"start":{"line":449,"column":0},"end":{"line":449,"column":11}},"449":{"start":{"line":450,"column":0},"end":{"line":450,"column":10}},"450":{"start":{"line":451,"column":0},"end":{"line":451,"column":25}},"451":{"start":{"line":452,"column":0},"end":{"line":452,"column":54}},"452":{"start":{"line":453,"column":0},"end":{"line":453,"column":62}},"453":{"start":{"line":454,"column":0},"end":{"line":454,"column":11}},"454":{"start":{"line":455,"column":0},"end":{"line":455,"column":5}},"455":{"start":{"line":456,"column":0},"end":{"line":456,"column":17}},"456":{"start":{"line":457,"column":0},"end":{"line":457,"column":0}},"457":{"start":{"line":458,"column":0},"end":{"line":458,"column":14}},"458":{"start":{"line":459,"column":0},"end":{"line":459,"column":71}},"459":{"start":{"line":460,"column":0},"end":{"line":460,"column":3}},"460":{"start":{"line":461,"column":0},"end":{"line":461,"column":0}},"461":{"start":{"line":462,"column":0},"end":{"line":462,"column":55}},"462":{"start":{"line":463,"column":0},"end":{"line":463,"column":2}},"463":{"start":{"line":464,"column":0},"end":{"line":464,"column":0}},"464":{"start":{"line":465,"column":0},"end":{"line":465,"column":68}},"465":{"start":{"line":466,"column":0},"end":{"line":466,"column":118}},"466":{"start":{"line":467,"column":0},"end":{"line":467,"column":49}},"467":{"start":{"line":468,"column":0},"end":{"line":468,"column":14}},"468":{"start":{"line":469,"column":0},"end":{"line":469,"column":12}},"469":{"start":{"line":470,"column":0},"end":{"line":470,"column":26}},"470":{"start":{"line":471,"column":0},"end":{"line":471,"column":41}},"471":{"start":{"line":472,"column":0},"end":{"line":472,"column":48}},"472":{"start":{"line":473,"column":0},"end":{"line":473,"column":6}},"473":{"start":{"line":474,"column":0},"end":{"line":474,"column":3}},"474":{"start":{"line":475,"column":0},"end":{"line":475,"column":10}},"475":{"start":{"line":476,"column":0},"end":{"line":476,"column":25}},"476":{"start":{"line":477,"column":0},"end":{"line":477,"column":21}},"477":{"start":{"line":478,"column":0},"end":{"line":478,"column":23}},"478":{"start":{"line":479,"column":0},"end":{"line":479,"column":4}},"479":{"start":{"line":480,"column":0},"end":{"line":480,"column":1}},"480":{"start":{"line":481,"column":0},"end":{"line":481,"column":0}},"481":{"start":{"line":482,"column":0},"end":{"line":482,"column":72}},"482":{"start":{"line":483,"column":0},"end":{"line":483,"column":34}},"483":{"start":{"line":484,"column":0},"end":{"line":484,"column":72}},"484":{"start":{"line":485,"column":0},"end":{"line":485,"column":33}},"485":{"start":{"line":486,"column":0},"end":{"line":486,"column":74}},"486":{"start":{"line":487,"column":0},"end":{"line":487,"column":34}},"487":{"start":{"line":488,"column":0},"end":{"line":488,"column":42}},"488":{"start":{"line":489,"column":0},"end":{"line":489,"column":75}},"489":{"start":{"line":490,"column":0},"end":{"line":490,"column":85}},"490":{"start":{"line":491,"column":0},"end":{"line":491,"column":68}},"491":{"start":{"line":492,"column":0},"end":{"line":492,"column":67}},"492":{"start":{"line":493,"column":0},"end":{"line":493,"column":77}},"493":{"start":{"line":494,"column":0},"end":{"line":494,"column":75}},"494":{"start":{"line":495,"column":0},"end":{"line":495,"column":75}},"495":{"start":{"line":496,"column":0},"end":{"line":496,"column":71}},"496":{"start":{"line":497,"column":0},"end":{"line":497,"column":81}},"497":{"start":{"line":498,"column":0},"end":{"line":498,"column":78}},"498":{"start":{"line":499,"column":0},"end":{"line":499,"column":62}},"499":{"start":{"line":500,"column":0},"end":{"line":500,"column":69}},"500":{"start":{"line":501,"column":0},"end":{"line":501,"column":65}},"501":{"start":{"line":502,"column":0},"end":{"line":502,"column":132}},"502":{"start":{"line":503,"column":0},"end":{"line":503,"column":1}},"503":{"start":{"line":504,"column":0},"end":{"line":504,"column":0}},"504":{"start":{"line":505,"column":0},"end":{"line":505,"column":29}},"505":{"start":{"line":506,"column":0},"end":{"line":506,"column":10}},"506":{"start":{"line":507,"column":0},"end":{"line":507,"column":21}},"507":{"start":{"line":508,"column":0},"end":{"line":508,"column":23}},"508":{"start":{"line":509,"column":0},"end":{"line":509,"column":12}},"509":{"start":{"line":510,"column":0},"end":{"line":510,"column":32}},"510":{"start":{"line":511,"column":0},"end":{"line":511,"column":44}},"511":{"start":{"line":512,"column":0},"end":{"line":512,"column":40}},"512":{"start":{"line":513,"column":0},"end":{"line":513,"column":44}},"513":{"start":{"line":514,"column":0},"end":{"line":514,"column":42}},"514":{"start":{"line":515,"column":0},"end":{"line":515,"column":42}},"515":{"start":{"line":516,"column":0},"end":{"line":516,"column":56}},"516":{"start":{"line":517,"column":0},"end":{"line":517,"column":44}},"517":{"start":{"line":518,"column":0},"end":{"line":518,"column":48}},"518":{"start":{"line":519,"column":0},"end":{"line":519,"column":68}},"519":{"start":{"line":520,"column":0},"end":{"line":520,"column":50}},"520":{"start":{"line":521,"column":0},"end":{"line":521,"column":32}},"521":{"start":{"line":522,"column":0},"end":{"line":522,"column":32}},"522":{"start":{"line":523,"column":0},"end":{"line":523,"column":36}},"523":{"start":{"line":524,"column":0},"end":{"line":524,"column":10}},"524":{"start":{"line":525,"column":0},"end":{"line":525,"column":31}},"525":{"start":{"line":526,"column":0},"end":{"line":526,"column":65}},"526":{"start":{"line":527,"column":0},"end":{"line":527,"column":38}},"527":{"start":{"line":528,"column":0},"end":{"line":528,"column":2}},"528":{"start":{"line":529,"column":0},"end":{"line":529,"column":53}},"529":{"start":{"line":530,"column":0},"end":{"line":530,"column":62}},"530":{"start":{"line":531,"column":0},"end":{"line":531,"column":32}},"531":{"start":{"line":532,"column":0},"end":{"line":532,"column":49}},"532":{"start":{"line":533,"column":0},"end":{"line":533,"column":33}},"533":{"start":{"line":534,"column":0},"end":{"line":534,"column":39}},"534":{"start":{"line":535,"column":0},"end":{"line":535,"column":38}},"535":{"start":{"line":536,"column":0},"end":{"line":536,"column":14}},"536":{"start":{"line":537,"column":0},"end":{"line":537,"column":35}},"537":{"start":{"line":538,"column":0},"end":{"line":538,"column":7}},"538":{"start":{"line":539,"column":0},"end":{"line":539,"column":18}},"539":{"start":{"line":540,"column":0},"end":{"line":540,"column":7}},"540":{"start":{"line":541,"column":0},"end":{"line":541,"column":4}},"541":{"start":{"line":542,"column":0},"end":{"line":542,"column":2}},"542":{"start":{"line":543,"column":0},"end":{"line":543,"column":87}},"543":{"start":{"line":544,"column":0},"end":{"line":544,"column":54}},"544":{"start":{"line":545,"column":0},"end":{"line":545,"column":70}},"545":{"start":{"line":546,"column":0},"end":{"line":546,"column":2}},"546":{"start":{"line":547,"column":0},"end":{"line":547,"column":19}},"547":{"start":{"line":548,"column":0},"end":{"line":548,"column":49}},"548":{"start":{"line":549,"column":0},"end":{"line":549,"column":57}},"549":{"start":{"line":550,"column":0},"end":{"line":550,"column":42}},"550":{"start":{"line":551,"column":0},"end":{"line":551,"column":5}},"551":{"start":{"line":552,"column":0},"end":{"line":552,"column":41}},"552":{"start":{"line":553,"column":0},"end":{"line":553,"column":2}},"553":{"start":{"line":554,"column":0},"end":{"line":554,"column":10}},"554":{"start":{"line":555,"column":0},"end":{"line":555,"column":40}},"555":{"start":{"line":556,"column":0},"end":{"line":556,"column":50}},"556":{"start":{"line":557,"column":0},"end":{"line":557,"column":57}},"557":{"start":{"line":558,"column":0},"end":{"line":558,"column":60}},"558":{"start":{"line":559,"column":0},"end":{"line":559,"column":18}},"559":{"start":{"line":560,"column":0},"end":{"line":560,"column":86}},"560":{"start":{"line":561,"column":0},"end":{"line":561,"column":30}},"561":{"start":{"line":562,"column":0},"end":{"line":562,"column":62}},"562":{"start":{"line":563,"column":0},"end":{"line":563,"column":51}},"563":{"start":{"line":564,"column":0},"end":{"line":564,"column":56}},"564":{"start":{"line":565,"column":0},"end":{"line":565,"column":18}},"565":{"start":{"line":566,"column":0},"end":{"line":566,"column":54}},"566":{"start":{"line":567,"column":0},"end":{"line":567,"column":56}},"567":{"start":{"line":568,"column":0},"end":{"line":568,"column":18}},"568":{"start":{"line":569,"column":0},"end":{"line":569,"column":52}},"569":{"start":{"line":570,"column":0},"end":{"line":570,"column":64}},"570":{"start":{"line":571,"column":0},"end":{"line":571,"column":33}},"571":{"start":{"line":572,"column":0},"end":{"line":572,"column":17}},"572":{"start":{"line":573,"column":0},"end":{"line":573,"column":16}},"573":{"start":{"line":574,"column":0},"end":{"line":574,"column":53}},"574":{"start":{"line":575,"column":0},"end":{"line":575,"column":13}},"575":{"start":{"line":576,"column":0},"end":{"line":576,"column":35}},"576":{"start":{"line":577,"column":0},"end":{"line":577,"column":19}},"577":{"start":{"line":578,"column":0},"end":{"line":578,"column":12}},"578":{"start":{"line":579,"column":0},"end":{"line":579,"column":89}},"579":{"start":{"line":580,"column":0},"end":{"line":580,"column":72}},"580":{"start":{"line":581,"column":0},"end":{"line":581,"column":63}},"581":{"start":{"line":582,"column":0},"end":{"line":582,"column":60}},"582":{"start":{"line":583,"column":0},"end":{"line":583,"column":22}},"583":{"start":{"line":584,"column":0},"end":{"line":584,"column":22}},"584":{"start":{"line":585,"column":0},"end":{"line":585,"column":90}},"585":{"start":{"line":586,"column":0},"end":{"line":586,"column":34}},"586":{"start":{"line":587,"column":0},"end":{"line":587,"column":65}},"587":{"start":{"line":588,"column":0},"end":{"line":588,"column":55}},"588":{"start":{"line":589,"column":0},"end":{"line":589,"column":22}},"589":{"start":{"line":590,"column":0},"end":{"line":590,"column":58}},"590":{"start":{"line":591,"column":0},"end":{"line":591,"column":67}},"591":{"start":{"line":592,"column":0},"end":{"line":592,"column":22}},"592":{"start":{"line":593,"column":0},"end":{"line":593,"column":56}},"593":{"start":{"line":594,"column":0},"end":{"line":594,"column":87}},"594":{"start":{"line":595,"column":0},"end":{"line":595,"column":37}},"595":{"start":{"line":596,"column":0},"end":{"line":596,"column":21}},"596":{"start":{"line":597,"column":0},"end":{"line":597,"column":20}},"597":{"start":{"line":598,"column":0},"end":{"line":598,"column":78}},"598":{"start":{"line":599,"column":0},"end":{"line":599,"column":17}},"599":{"start":{"line":600,"column":0},"end":{"line":600,"column":40}},"600":{"start":{"line":601,"column":0},"end":{"line":601,"column":23}},"601":{"start":{"line":602,"column":0},"end":{"line":602,"column":16}},"602":{"start":{"line":603,"column":0},"end":{"line":603,"column":13}},"603":{"start":{"line":604,"column":0},"end":{"line":604,"column":24}},"604":{"start":{"line":605,"column":0},"end":{"line":605,"column":15}},"605":{"start":{"line":606,"column":0},"end":{"line":606,"column":14}},"606":{"start":{"line":607,"column":0},"end":{"line":607,"column":53}},"607":{"start":{"line":608,"column":0},"end":{"line":608,"column":34}},"608":{"start":{"line":609,"column":0},"end":{"line":609,"column":19}},"609":{"start":{"line":610,"column":0},"end":{"line":610,"column":27}},"610":{"start":{"line":611,"column":0},"end":{"line":611,"column":54}},"611":{"start":{"line":612,"column":0},"end":{"line":612,"column":38}},"612":{"start":{"line":613,"column":0},"end":{"line":613,"column":76}},"613":{"start":{"line":614,"column":0},"end":{"line":614,"column":57}},"614":{"start":{"line":615,"column":0},"end":{"line":615,"column":13}},"615":{"start":{"line":616,"column":0},"end":{"line":616,"column":39}},"616":{"start":{"line":617,"column":0},"end":{"line":617,"column":21}},"617":{"start":{"line":618,"column":0},"end":{"line":618,"column":12}},"618":{"start":{"line":619,"column":0},"end":{"line":619,"column":14}},"619":{"start":{"line":620,"column":0},"end":{"line":620,"column":12}},"620":{"start":{"line":621,"column":0},"end":{"line":621,"column":134}},"621":{"start":{"line":622,"column":0},"end":{"line":622,"column":67}},"622":{"start":{"line":623,"column":0},"end":{"line":623,"column":12}},"623":{"start":{"line":624,"column":0},"end":{"line":624,"column":9}},"624":{"start":{"line":625,"column":0},"end":{"line":625,"column":4}},"625":{"start":{"line":626,"column":0},"end":{"line":626,"column":2}},"626":{"start":{"line":627,"column":0},"end":{"line":627,"column":0}},"627":{"start":{"line":628,"column":0},"end":{"line":628,"column":16}},"628":{"start":{"line":629,"column":0},"end":{"line":629,"column":67}},"629":{"start":{"line":630,"column":0},"end":{"line":630,"column":63}},"630":{"start":{"line":631,"column":0},"end":{"line":631,"column":49}},"631":{"start":{"line":632,"column":0},"end":{"line":632,"column":66}},"632":{"start":{"line":633,"column":0},"end":{"line":633,"column":58}},"633":{"start":{"line":634,"column":0},"end":{"line":634,"column":52}},"634":{"start":{"line":635,"column":0},"end":{"line":635,"column":44}},"635":{"start":{"line":636,"column":0},"end":{"line":636,"column":5}},"636":{"start":{"line":637,"column":0},"end":{"line":637,"column":56}},"637":{"start":{"line":638,"column":0},"end":{"line":638,"column":82}},"638":{"start":{"line":639,"column":0},"end":{"line":639,"column":56}},"639":{"start":{"line":640,"column":0},"end":{"line":640,"column":44}},"640":{"start":{"line":641,"column":0},"end":{"line":641,"column":5}},"641":{"start":{"line":642,"column":0},"end":{"line":642,"column":82}},"642":{"start":{"line":643,"column":0},"end":{"line":643,"column":58}},"643":{"start":{"line":644,"column":0},"end":{"line":644,"column":44}},"644":{"start":{"line":645,"column":0},"end":{"line":645,"column":5}},"645":{"start":{"line":646,"column":0},"end":{"line":646,"column":74}},"646":{"start":{"line":647,"column":0},"end":{"line":647,"column":53}},"647":{"start":{"line":648,"column":0},"end":{"line":648,"column":44}},"648":{"start":{"line":649,"column":0},"end":{"line":649,"column":5}},"649":{"start":{"line":650,"column":0},"end":{"line":650,"column":124}},"650":{"start":{"line":651,"column":0},"end":{"line":651,"column":55}},"651":{"start":{"line":652,"column":0},"end":{"line":652,"column":44}},"652":{"start":{"line":653,"column":0},"end":{"line":653,"column":5}},"653":{"start":{"line":654,"column":0},"end":{"line":654,"column":68}},"654":{"start":{"line":655,"column":0},"end":{"line":655,"column":76}},"655":{"start":{"line":656,"column":0},"end":{"line":656,"column":66}},"656":{"start":{"line":657,"column":0},"end":{"line":657,"column":57}},"657":{"start":{"line":658,"column":0},"end":{"line":658,"column":44}},"658":{"start":{"line":659,"column":0},"end":{"line":659,"column":5}},"659":{"start":{"line":660,"column":0},"end":{"line":660,"column":80}},"660":{"start":{"line":661,"column":0},"end":{"line":661,"column":83}},"661":{"start":{"line":662,"column":0},"end":{"line":662,"column":77}},"662":{"start":{"line":663,"column":0},"end":{"line":663,"column":80}},"663":{"start":{"line":664,"column":0},"end":{"line":664,"column":60}},"664":{"start":{"line":665,"column":0},"end":{"line":665,"column":80}},"665":{"start":{"line":666,"column":0},"end":{"line":666,"column":59}},"666":{"start":{"line":667,"column":0},"end":{"line":667,"column":55}},"667":{"start":{"line":668,"column":0},"end":{"line":668,"column":72}},"668":{"start":{"line":669,"column":0},"end":{"line":669,"column":62}},"669":{"start":{"line":670,"column":0},"end":{"line":670,"column":63}},"670":{"start":{"line":671,"column":0},"end":{"line":671,"column":61}},"671":{"start":{"line":672,"column":0},"end":{"line":672,"column":88}},"672":{"start":{"line":673,"column":0},"end":{"line":673,"column":84}},"673":{"start":{"line":674,"column":0},"end":{"line":674,"column":78}},"674":{"start":{"line":675,"column":0},"end":{"line":675,"column":80}},"675":{"start":{"line":676,"column":0},"end":{"line":676,"column":70}},"676":{"start":{"line":677,"column":0},"end":{"line":677,"column":111}},"677":{"start":{"line":678,"column":0},"end":{"line":678,"column":86}},"678":{"start":{"line":679,"column":0},"end":{"line":679,"column":51}},"679":{"start":{"line":680,"column":0},"end":{"line":680,"column":68}},"680":{"start":{"line":681,"column":0},"end":{"line":681,"column":58}},"681":{"start":{"line":682,"column":0},"end":{"line":682,"column":76}},"682":{"start":{"line":683,"column":0},"end":{"line":683,"column":67}},"683":{"start":{"line":684,"column":0},"end":{"line":684,"column":65}},"684":{"start":{"line":685,"column":0},"end":{"line":685,"column":84}},"685":{"start":{"line":686,"column":0},"end":{"line":686,"column":143}},"686":{"start":{"line":687,"column":0},"end":{"line":687,"column":70}},"687":{"start":{"line":688,"column":0},"end":{"line":688,"column":74}},"688":{"start":{"line":689,"column":0},"end":{"line":689,"column":70}},"689":{"start":{"line":690,"column":0},"end":{"line":690,"column":72}},"690":{"start":{"line":691,"column":0},"end":{"line":691,"column":74}},"691":{"start":{"line":692,"column":0},"end":{"line":692,"column":85}},"692":{"start":{"line":693,"column":0},"end":{"line":693,"column":62}},"693":{"start":{"line":694,"column":0},"end":{"line":694,"column":70}},"694":{"start":{"line":695,"column":0},"end":{"line":695,"column":63}},"695":{"start":{"line":696,"column":0},"end":{"line":696,"column":52}},"696":{"start":{"line":697,"column":0},"end":{"line":697,"column":54}},"697":{"start":{"line":698,"column":0},"end":{"line":698,"column":78}},"698":{"start":{"line":699,"column":0},"end":{"line":699,"column":68}},"699":{"start":{"line":700,"column":0},"end":{"line":700,"column":90}},"700":{"start":{"line":701,"column":0},"end":{"line":701,"column":74}},"701":{"start":{"line":702,"column":0},"end":{"line":702,"column":70}},"702":{"start":{"line":703,"column":0},"end":{"line":703,"column":74}},"703":{"start":{"line":704,"column":0},"end":{"line":704,"column":138}},"704":{"start":{"line":705,"column":0},"end":{"line":705,"column":49}},"705":{"start":{"line":706,"column":0},"end":{"line":706,"column":66}},"706":{"start":{"line":707,"column":0},"end":{"line":707,"column":101}},"707":{"start":{"line":708,"column":0},"end":{"line":708,"column":79}},"708":{"start":{"line":709,"column":0},"end":{"line":709,"column":126}},"709":{"start":{"line":710,"column":0},"end":{"line":710,"column":59}},"710":{"start":{"line":711,"column":0},"end":{"line":711,"column":67}},"711":{"start":{"line":712,"column":0},"end":{"line":712,"column":64}},"712":{"start":{"line":713,"column":0},"end":{"line":713,"column":82}},"713":{"start":{"line":714,"column":0},"end":{"line":714,"column":80}},"714":{"start":{"line":715,"column":0},"end":{"line":715,"column":88}},"715":{"start":{"line":716,"column":0},"end":{"line":716,"column":68}},"716":{"start":{"line":717,"column":0},"end":{"line":717,"column":80}},"717":{"start":{"line":718,"column":0},"end":{"line":718,"column":98}},"718":{"start":{"line":719,"column":0},"end":{"line":719,"column":50}},"719":{"start":{"line":720,"column":0},"end":{"line":720,"column":62}},"720":{"start":{"line":721,"column":0},"end":{"line":721,"column":98}},"721":{"start":{"line":722,"column":0},"end":{"line":722,"column":78}},"722":{"start":{"line":723,"column":0},"end":{"line":723,"column":124}},"723":{"start":{"line":724,"column":0},"end":{"line":724,"column":60}},"724":{"start":{"line":725,"column":0},"end":{"line":725,"column":66}},"725":{"start":{"line":726,"column":0},"end":{"line":726,"column":80}},"726":{"start":{"line":727,"column":0},"end":{"line":727,"column":66}},"727":{"start":{"line":728,"column":0},"end":{"line":728,"column":68}},"728":{"start":{"line":729,"column":0},"end":{"line":729,"column":72}},"729":{"start":{"line":730,"column":0},"end":{"line":730,"column":78}},"730":{"start":{"line":731,"column":0},"end":{"line":731,"column":63}},"731":{"start":{"line":732,"column":0},"end":{"line":732,"column":58}},"732":{"start":{"line":733,"column":0},"end":{"line":733,"column":58}},"733":{"start":{"line":734,"column":0},"end":{"line":734,"column":62}},"734":{"start":{"line":735,"column":0},"end":{"line":735,"column":60}},"735":{"start":{"line":736,"column":0},"end":{"line":736,"column":59}},"736":{"start":{"line":737,"column":0},"end":{"line":737,"column":66}},"737":{"start":{"line":738,"column":0},"end":{"line":738,"column":68}},"738":{"start":{"line":739,"column":0},"end":{"line":739,"column":82}},"739":{"start":{"line":740,"column":0},"end":{"line":740,"column":60}},"740":{"start":{"line":741,"column":0},"end":{"line":741,"column":38}},"741":{"start":{"line":742,"column":0},"end":{"line":742,"column":42}},"742":{"start":{"line":743,"column":0},"end":{"line":743,"column":66}},"743":{"start":{"line":744,"column":0},"end":{"line":744,"column":63}},"744":{"start":{"line":745,"column":0},"end":{"line":745,"column":43}},"745":{"start":{"line":746,"column":0},"end":{"line":746,"column":60}},"746":{"start":{"line":747,"column":0},"end":{"line":747,"column":64}},"747":{"start":{"line":748,"column":0},"end":{"line":748,"column":53}},"748":{"start":{"line":749,"column":0},"end":{"line":749,"column":46}},"749":{"start":{"line":750,"column":0},"end":{"line":750,"column":74}},"750":{"start":{"line":751,"column":0},"end":{"line":751,"column":66}},"751":{"start":{"line":752,"column":0},"end":{"line":752,"column":74}},"752":{"start":{"line":753,"column":0},"end":{"line":753,"column":76}},"753":{"start":{"line":754,"column":0},"end":{"line":754,"column":76}},"754":{"start":{"line":755,"column":0},"end":{"line":755,"column":78}},"755":{"start":{"line":756,"column":0},"end":{"line":756,"column":68}},"756":{"start":{"line":757,"column":0},"end":{"line":757,"column":70}},"757":{"start":{"line":758,"column":0},"end":{"line":758,"column":83}},"758":{"start":{"line":759,"column":0},"end":{"line":759,"column":77}},"759":{"start":{"line":760,"column":0},"end":{"line":760,"column":64}},"760":{"start":{"line":761,"column":0},"end":{"line":761,"column":69}},"761":{"start":{"line":762,"column":0},"end":{"line":762,"column":69}},"762":{"start":{"line":763,"column":0},"end":{"line":763,"column":72}},"763":{"start":{"line":764,"column":0},"end":{"line":764,"column":55}},"764":{"start":{"line":765,"column":0},"end":{"line":765,"column":62}},"765":{"start":{"line":766,"column":0},"end":{"line":766,"column":58}},"766":{"start":{"line":767,"column":0},"end":{"line":767,"column":62}},"767":{"start":{"line":768,"column":0},"end":{"line":768,"column":79}},"768":{"start":{"line":769,"column":0},"end":{"line":769,"column":112}},"769":{"start":{"line":770,"column":0},"end":{"line":770,"column":114}},"770":{"start":{"line":771,"column":0},"end":{"line":771,"column":58}},"771":{"start":{"line":772,"column":0},"end":{"line":772,"column":67}},"772":{"start":{"line":773,"column":0},"end":{"line":773,"column":70}},"773":{"start":{"line":774,"column":0},"end":{"line":774,"column":79}},"774":{"start":{"line":775,"column":0},"end":{"line":775,"column":52}},"775":{"start":{"line":776,"column":0},"end":{"line":776,"column":39}},"776":{"start":{"line":777,"column":0},"end":{"line":777,"column":67}},"777":{"start":{"line":778,"column":0},"end":{"line":778,"column":0}},"778":{"start":{"line":779,"column":0},"end":{"line":779,"column":82}},"779":{"start":{"line":780,"column":0},"end":{"line":780,"column":55}},"780":{"start":{"line":781,"column":0},"end":{"line":781,"column":0}},"781":{"start":{"line":782,"column":0},"end":{"line":782,"column":63}},"782":{"start":{"line":783,"column":0},"end":{"line":783,"column":49}},"783":{"start":{"line":784,"column":0},"end":{"line":784,"column":57}},"784":{"start":{"line":785,"column":0},"end":{"line":785,"column":28}},"785":{"start":{"line":786,"column":0},"end":{"line":786,"column":24}},"786":{"start":{"line":787,"column":0},"end":{"line":787,"column":5}},"787":{"start":{"line":788,"column":0},"end":{"line":788,"column":73}},"788":{"start":{"line":789,"column":0},"end":{"line":789,"column":9}},"789":{"start":{"line":790,"column":0},"end":{"line":790,"column":0}},"790":{"start":{"line":791,"column":0},"end":{"line":791,"column":63}},"791":{"start":{"line":792,"column":0},"end":{"line":792,"column":30}},"792":{"start":{"line":793,"column":0},"end":{"line":793,"column":84}},"793":{"start":{"line":794,"column":0},"end":{"line":794,"column":66}},"794":{"start":{"line":795,"column":0},"end":{"line":795,"column":18}},"795":{"start":{"line":796,"column":0},"end":{"line":796,"column":7}},"796":{"start":{"line":797,"column":0},"end":{"line":797,"column":9}},"797":{"start":{"line":798,"column":0},"end":{"line":798,"column":0}},"798":{"start":{"line":799,"column":0},"end":{"line":799,"column":70}},"799":{"start":{"line":800,"column":0},"end":{"line":800,"column":33}},"800":{"start":{"line":801,"column":0},"end":{"line":801,"column":32}},"801":{"start":{"line":802,"column":0},"end":{"line":802,"column":51}},"802":{"start":{"line":803,"column":0},"end":{"line":803,"column":54}},"803":{"start":{"line":804,"column":0},"end":{"line":804,"column":21}},"804":{"start":{"line":805,"column":0},"end":{"line":805,"column":30}},"805":{"start":{"line":806,"column":0},"end":{"line":806,"column":26}},"806":{"start":{"line":807,"column":0},"end":{"line":807,"column":22}},"807":{"start":{"line":808,"column":0},"end":{"line":808,"column":48}},"808":{"start":{"line":809,"column":0},"end":{"line":809,"column":0}},"809":{"start":{"line":810,"column":0},"end":{"line":810,"column":52}},"810":{"start":{"line":811,"column":0},"end":{"line":811,"column":38}},"811":{"start":{"line":812,"column":0},"end":{"line":812,"column":28}},"812":{"start":{"line":813,"column":0},"end":{"line":813,"column":29}},"813":{"start":{"line":814,"column":0},"end":{"line":814,"column":0}},"814":{"start":{"line":815,"column":0},"end":{"line":815,"column":57}},"815":{"start":{"line":816,"column":0},"end":{"line":816,"column":9}},"816":{"start":{"line":817,"column":0},"end":{"line":817,"column":76}},"817":{"start":{"line":818,"column":0},"end":{"line":818,"column":66}},"818":{"start":{"line":819,"column":0},"end":{"line":819,"column":22}},"819":{"start":{"line":820,"column":0},"end":{"line":820,"column":15}},"820":{"start":{"line":821,"column":0},"end":{"line":821,"column":7}},"821":{"start":{"line":822,"column":0},"end":{"line":822,"column":40}},"822":{"start":{"line":823,"column":0},"end":{"line":823,"column":21}},"823":{"start":{"line":824,"column":0},"end":{"line":824,"column":59}},"824":{"start":{"line":825,"column":0},"end":{"line":825,"column":5}},"825":{"start":{"line":826,"column":0},"end":{"line":826,"column":32}},"826":{"start":{"line":827,"column":0},"end":{"line":827,"column":0}},"827":{"start":{"line":828,"column":0},"end":{"line":828,"column":71}},"828":{"start":{"line":829,"column":0},"end":{"line":829,"column":40}},"829":{"start":{"line":830,"column":0},"end":{"line":830,"column":13}},"830":{"start":{"line":831,"column":0},"end":{"line":831,"column":5}},"831":{"start":{"line":832,"column":0},"end":{"line":832,"column":9}},"832":{"start":{"line":833,"column":0},"end":{"line":833,"column":67}},"833":{"start":{"line":834,"column":0},"end":{"line":834,"column":77}},"834":{"start":{"line":835,"column":0},"end":{"line":835,"column":21}},"835":{"start":{"line":836,"column":0},"end":{"line":836,"column":20}},"836":{"start":{"line":837,"column":0},"end":{"line":837,"column":5}},"837":{"start":{"line":838,"column":0},"end":{"line":838,"column":9}},"838":{"start":{"line":839,"column":0},"end":{"line":839,"column":0}},"839":{"start":{"line":840,"column":0},"end":{"line":840,"column":123}},"840":{"start":{"line":841,"column":0},"end":{"line":841,"column":58}},"841":{"start":{"line":842,"column":0},"end":{"line":842,"column":27}},"842":{"start":{"line":843,"column":0},"end":{"line":843,"column":41}},"843":{"start":{"line":844,"column":0},"end":{"line":844,"column":0}},"844":{"start":{"line":845,"column":0},"end":{"line":845,"column":22}},"845":{"start":{"line":846,"column":0},"end":{"line":846,"column":22}},"846":{"start":{"line":847,"column":0},"end":{"line":847,"column":26}},"847":{"start":{"line":848,"column":0},"end":{"line":848,"column":16}},"848":{"start":{"line":849,"column":0},"end":{"line":849,"column":9}},"849":{"start":{"line":850,"column":0},"end":{"line":850,"column":46}},"850":{"start":{"line":851,"column":0},"end":{"line":851,"column":66}},"851":{"start":{"line":852,"column":0},"end":{"line":852,"column":14}},"852":{"start":{"line":853,"column":0},"end":{"line":853,"column":26}},"853":{"start":{"line":854,"column":0},"end":{"line":854,"column":26}},"854":{"start":{"line":855,"column":0},"end":{"line":855,"column":16}},"855":{"start":{"line":856,"column":0},"end":{"line":856,"column":9}},"856":{"start":{"line":857,"column":0},"end":{"line":857,"column":54}},"857":{"start":{"line":858,"column":0},"end":{"line":858,"column":70}},"858":{"start":{"line":859,"column":0},"end":{"line":859,"column":14}},"859":{"start":{"line":860,"column":0},"end":{"line":860,"column":24}},"860":{"start":{"line":861,"column":0},"end":{"line":861,"column":26}},"861":{"start":{"line":862,"column":0},"end":{"line":862,"column":16}},"862":{"start":{"line":863,"column":0},"end":{"line":863,"column":9}},"863":{"start":{"line":864,"column":0},"end":{"line":864,"column":50}},"864":{"start":{"line":865,"column":0},"end":{"line":865,"column":68}},"865":{"start":{"line":866,"column":0},"end":{"line":866,"column":14}},"866":{"start":{"line":867,"column":0},"end":{"line":867,"column":5}},"867":{"start":{"line":868,"column":0},"end":{"line":868,"column":0}},"868":{"start":{"line":869,"column":0},"end":{"line":869,"column":43}},"869":{"start":{"line":870,"column":0},"end":{"line":870,"column":36}},"870":{"start":{"line":871,"column":0},"end":{"line":871,"column":31}},"871":{"start":{"line":872,"column":0},"end":{"line":872,"column":27}},"872":{"start":{"line":873,"column":0},"end":{"line":873,"column":0}},"873":{"start":{"line":874,"column":0},"end":{"line":874,"column":51}},"874":{"start":{"line":875,"column":0},"end":{"line":875,"column":27}},"875":{"start":{"line":876,"column":0},"end":{"line":876,"column":24}},"876":{"start":{"line":877,"column":0},"end":{"line":877,"column":49}},"877":{"start":{"line":878,"column":0},"end":{"line":878,"column":38}},"878":{"start":{"line":879,"column":0},"end":{"line":879,"column":8}},"879":{"start":{"line":880,"column":0},"end":{"line":880,"column":19}},"880":{"start":{"line":881,"column":0},"end":{"line":881,"column":13}},"881":{"start":{"line":882,"column":0},"end":{"line":882,"column":5}},"882":{"start":{"line":883,"column":0},"end":{"line":883,"column":4}},"883":{"start":{"line":884,"column":0},"end":{"line":884,"column":77}},"884":{"start":{"line":885,"column":0},"end":{"line":885,"column":84}},"885":{"start":{"line":886,"column":0},"end":{"line":886,"column":13}},"886":{"start":{"line":887,"column":0},"end":{"line":887,"column":5}},"887":{"start":{"line":888,"column":0},"end":{"line":888,"column":4}},"888":{"start":{"line":889,"column":0},"end":{"line":889,"column":58}},"889":{"start":{"line":890,"column":0},"end":{"line":890,"column":66}},"890":{"start":{"line":891,"column":0},"end":{"line":891,"column":80}},"891":{"start":{"line":892,"column":0},"end":{"line":892,"column":29}},"892":{"start":{"line":893,"column":0},"end":{"line":893,"column":5}},"893":{"start":{"line":894,"column":0},"end":{"line":894,"column":61}},"894":{"start":{"line":895,"column":0},"end":{"line":895,"column":58}},"895":{"start":{"line":896,"column":0},"end":{"line":896,"column":27}},"896":{"start":{"line":897,"column":0},"end":{"line":897,"column":0}},"897":{"start":{"line":898,"column":0},"end":{"line":898,"column":93}},"898":{"start":{"line":899,"column":0},"end":{"line":899,"column":57}},"899":{"start":{"line":900,"column":0},"end":{"line":900,"column":49}},"900":{"start":{"line":901,"column":0},"end":{"line":901,"column":56}},"901":{"start":{"line":902,"column":0},"end":{"line":902,"column":44}},"902":{"start":{"line":903,"column":0},"end":{"line":903,"column":95}},"903":{"start":{"line":904,"column":0},"end":{"line":904,"column":21}},"904":{"start":{"line":905,"column":0},"end":{"line":905,"column":7}},"905":{"start":{"line":906,"column":0},"end":{"line":906,"column":53}},"906":{"start":{"line":907,"column":0},"end":{"line":907,"column":98}},"907":{"start":{"line":908,"column":0},"end":{"line":908,"column":20}},"908":{"start":{"line":909,"column":0},"end":{"line":909,"column":7}},"909":{"start":{"line":910,"column":0},"end":{"line":910,"column":50}},"910":{"start":{"line":911,"column":0},"end":{"line":911,"column":5}},"911":{"start":{"line":912,"column":0},"end":{"line":912,"column":0}},"912":{"start":{"line":913,"column":0},"end":{"line":913,"column":52}},"913":{"start":{"line":914,"column":0},"end":{"line":914,"column":45}},"914":{"start":{"line":915,"column":0},"end":{"line":915,"column":42}},"915":{"start":{"line":916,"column":0},"end":{"line":916,"column":108}},"916":{"start":{"line":917,"column":0},"end":{"line":917,"column":30}},"917":{"start":{"line":918,"column":0},"end":{"line":918,"column":22}},"918":{"start":{"line":919,"column":0},"end":{"line":919,"column":9}},"919":{"start":{"line":920,"column":0},"end":{"line":920,"column":48}},"920":{"start":{"line":921,"column":0},"end":{"line":921,"column":51}},"921":{"start":{"line":922,"column":0},"end":{"line":922,"column":9}},"922":{"start":{"line":923,"column":0},"end":{"line":923,"column":14}},"923":{"start":{"line":924,"column":0},"end":{"line":924,"column":49}},"924":{"start":{"line":925,"column":0},"end":{"line":925,"column":7}},"925":{"start":{"line":926,"column":0},"end":{"line":926,"column":5}},"926":{"start":{"line":927,"column":0},"end":{"line":927,"column":0}},"927":{"start":{"line":928,"column":0},"end":{"line":928,"column":63}},"928":{"start":{"line":929,"column":0},"end":{"line":929,"column":63}},"929":{"start":{"line":930,"column":0},"end":{"line":930,"column":51}},"930":{"start":{"line":931,"column":0},"end":{"line":931,"column":117}},"931":{"start":{"line":932,"column":0},"end":{"line":932,"column":30}},"932":{"start":{"line":933,"column":0},"end":{"line":933,"column":22}},"933":{"start":{"line":934,"column":0},"end":{"line":934,"column":9}},"934":{"start":{"line":935,"column":0},"end":{"line":935,"column":48}},"935":{"start":{"line":936,"column":0},"end":{"line":936,"column":53}},"936":{"start":{"line":937,"column":0},"end":{"line":937,"column":9}},"937":{"start":{"line":938,"column":0},"end":{"line":938,"column":14}},"938":{"start":{"line":939,"column":0},"end":{"line":939,"column":51}},"939":{"start":{"line":940,"column":0},"end":{"line":940,"column":7}},"940":{"start":{"line":941,"column":0},"end":{"line":941,"column":5}},"941":{"start":{"line":942,"column":0},"end":{"line":942,"column":0}},"942":{"start":{"line":943,"column":0},"end":{"line":943,"column":17}},"943":{"start":{"line":944,"column":0},"end":{"line":944,"column":9}},"944":{"start":{"line":945,"column":0},"end":{"line":945,"column":0}},"945":{"start":{"line":946,"column":0},"end":{"line":946,"column":68}},"946":{"start":{"line":947,"column":0},"end":{"line":947,"column":49}},"947":{"start":{"line":948,"column":0},"end":{"line":948,"column":95}},"948":{"start":{"line":949,"column":0},"end":{"line":949,"column":13}},"949":{"start":{"line":950,"column":0},"end":{"line":950,"column":5}},"950":{"start":{"line":951,"column":0},"end":{"line":951,"column":0}},"951":{"start":{"line":952,"column":0},"end":{"line":952,"column":58}},"952":{"start":{"line":953,"column":0},"end":{"line":953,"column":77}},"953":{"start":{"line":954,"column":0},"end":{"line":954,"column":40}},"954":{"start":{"line":955,"column":0},"end":{"line":955,"column":10}},"955":{"start":{"line":956,"column":0},"end":{"line":956,"column":73}},"956":{"start":{"line":957,"column":0},"end":{"line":957,"column":38}},"957":{"start":{"line":958,"column":0},"end":{"line":958,"column":13}},"958":{"start":{"line":959,"column":0},"end":{"line":959,"column":78}},"959":{"start":{"line":960,"column":0},"end":{"line":960,"column":75}},"960":{"start":{"line":961,"column":0},"end":{"line":961,"column":94}},"961":{"start":{"line":962,"column":0},"end":{"line":962,"column":0}},"962":{"start":{"line":963,"column":0},"end":{"line":963,"column":26}},"963":{"start":{"line":964,"column":0},"end":{"line":964,"column":54}},"964":{"start":{"line":965,"column":0},"end":{"line":965,"column":65}},"965":{"start":{"line":966,"column":0},"end":{"line":966,"column":58}},"966":{"start":{"line":967,"column":0},"end":{"line":967,"column":5}},"967":{"start":{"line":968,"column":0},"end":{"line":968,"column":0}},"968":{"start":{"line":969,"column":0},"end":{"line":969,"column":90}},"969":{"start":{"line":970,"column":0},"end":{"line":970,"column":38}},"970":{"start":{"line":971,"column":0},"end":{"line":971,"column":83}},"971":{"start":{"line":972,"column":0},"end":{"line":972,"column":22}},"972":{"start":{"line":973,"column":0},"end":{"line":973,"column":41}},"973":{"start":{"line":974,"column":0},"end":{"line":974,"column":11}},"974":{"start":{"line":975,"column":0},"end":{"line":975,"column":9}},"975":{"start":{"line":976,"column":0},"end":{"line":976,"column":0}},"976":{"start":{"line":977,"column":0},"end":{"line":977,"column":101}},"977":{"start":{"line":978,"column":0},"end":{"line":978,"column":27}},"978":{"start":{"line":979,"column":0},"end":{"line":979,"column":41}},"979":{"start":{"line":980,"column":0},"end":{"line":980,"column":44}},"980":{"start":{"line":981,"column":0},"end":{"line":981,"column":0}},"981":{"start":{"line":982,"column":0},"end":{"line":982,"column":33}},"982":{"start":{"line":983,"column":0},"end":{"line":983,"column":23}},"983":{"start":{"line":984,"column":0},"end":{"line":984,"column":45}},"984":{"start":{"line":985,"column":0},"end":{"line":985,"column":7}},"985":{"start":{"line":986,"column":0},"end":{"line":986,"column":19}},"986":{"start":{"line":987,"column":0},"end":{"line":987,"column":52}},"987":{"start":{"line":988,"column":0},"end":{"line":988,"column":7}},"988":{"start":{"line":989,"column":0},"end":{"line":989,"column":44}},"989":{"start":{"line":990,"column":0},"end":{"line":990,"column":23}},"990":{"start":{"line":991,"column":0},"end":{"line":991,"column":49}},"991":{"start":{"line":992,"column":0},"end":{"line":992,"column":7}},"992":{"start":{"line":993,"column":0},"end":{"line":993,"column":19}},"993":{"start":{"line":994,"column":0},"end":{"line":994,"column":56}},"994":{"start":{"line":995,"column":0},"end":{"line":995,"column":7}},"995":{"start":{"line":996,"column":0},"end":{"line":996,"column":42}},"996":{"start":{"line":997,"column":0},"end":{"line":997,"column":23}},"997":{"start":{"line":998,"column":0},"end":{"line":998,"column":47}},"998":{"start":{"line":999,"column":0},"end":{"line":999,"column":7}},"999":{"start":{"line":1000,"column":0},"end":{"line":1000,"column":5}},"1000":{"start":{"line":1001,"column":0},"end":{"line":1001,"column":0}},"1001":{"start":{"line":1002,"column":0},"end":{"line":1002,"column":17}},"1002":{"start":{"line":1003,"column":0},"end":{"line":1003,"column":18}},"1003":{"start":{"line":1004,"column":0},"end":{"line":1004,"column":5}},"1004":{"start":{"line":1005,"column":0},"end":{"line":1005,"column":0}},"1005":{"start":{"line":1006,"column":0},"end":{"line":1006,"column":54}},"1006":{"start":{"line":1007,"column":0},"end":{"line":1007,"column":45}},"1007":{"start":{"line":1008,"column":0},"end":{"line":1008,"column":38}},"1008":{"start":{"line":1009,"column":0},"end":{"line":1009,"column":33}},"1009":{"start":{"line":1010,"column":0},"end":{"line":1010,"column":18}},"1010":{"start":{"line":1011,"column":0},"end":{"line":1011,"column":5}},"1011":{"start":{"line":1012,"column":0},"end":{"line":1012,"column":0}},"1012":{"start":{"line":1013,"column":0},"end":{"line":1013,"column":26}},"1013":{"start":{"line":1014,"column":0},"end":{"line":1014,"column":27}},"1014":{"start":{"line":1015,"column":0},"end":{"line":1015,"column":0}},"1015":{"start":{"line":1016,"column":0},"end":{"line":1016,"column":52}},"1016":{"start":{"line":1017,"column":0},"end":{"line":1017,"column":19}},"1017":{"start":{"line":1018,"column":0},"end":{"line":1018,"column":73}},"1018":{"start":{"line":1019,"column":0},"end":{"line":1019,"column":71}},"1019":{"start":{"line":1020,"column":0},"end":{"line":1020,"column":82}},"1020":{"start":{"line":1021,"column":0},"end":{"line":1021,"column":89}},"1021":{"start":{"line":1022,"column":0},"end":{"line":1022,"column":5}},"1022":{"start":{"line":1023,"column":0},"end":{"line":1023,"column":55}},"1023":{"start":{"line":1024,"column":0},"end":{"line":1024,"column":0}},"1024":{"start":{"line":1025,"column":0},"end":{"line":1025,"column":19}},"1025":{"start":{"line":1026,"column":0},"end":{"line":1026,"column":60}},"1026":{"start":{"line":1027,"column":0},"end":{"line":1027,"column":36}},"1027":{"start":{"line":1028,"column":0},"end":{"line":1028,"column":31}},"1028":{"start":{"line":1029,"column":0},"end":{"line":1029,"column":27}},"1029":{"start":{"line":1030,"column":0},"end":{"line":1030,"column":0}},"1030":{"start":{"line":1031,"column":0},"end":{"line":1031,"column":73}},"1031":{"start":{"line":1032,"column":0},"end":{"line":1032,"column":49}},"1032":{"start":{"line":1033,"column":0},"end":{"line":1033,"column":0}},"1033":{"start":{"line":1034,"column":0},"end":{"line":1034,"column":19}},"1034":{"start":{"line":1035,"column":0},"end":{"line":1035,"column":18}},"1035":{"start":{"line":1036,"column":0},"end":{"line":1036,"column":77}},"1036":{"start":{"line":1037,"column":0},"end":{"line":1037,"column":12}},"1037":{"start":{"line":1038,"column":0},"end":{"line":1038,"column":37}},"1038":{"start":{"line":1039,"column":0},"end":{"line":1039,"column":5}},"1039":{"start":{"line":1040,"column":0},"end":{"line":1040,"column":16}},"1040":{"start":{"line":1041,"column":0},"end":{"line":1041,"column":0}},"1041":{"start":{"line":1042,"column":0},"end":{"line":1042,"column":19}},"1042":{"start":{"line":1043,"column":0},"end":{"line":1043,"column":39}},"1043":{"start":{"line":1044,"column":0},"end":{"line":1044,"column":19}},"1044":{"start":{"line":1045,"column":0},"end":{"line":1045,"column":0}},"1045":{"start":{"line":1046,"column":0},"end":{"line":1046,"column":38}},"1046":{"start":{"line":1047,"column":0},"end":{"line":1047,"column":42}},"1047":{"start":{"line":1048,"column":0},"end":{"line":1048,"column":18}},"1048":{"start":{"line":1049,"column":0},"end":{"line":1049,"column":5}},"1049":{"start":{"line":1050,"column":0},"end":{"line":1050,"column":60}},"1050":{"start":{"line":1051,"column":0},"end":{"line":1051,"column":50}},"1051":{"start":{"line":1052,"column":0},"end":{"line":1052,"column":0}},"1052":{"start":{"line":1053,"column":0},"end":{"line":1053,"column":46}},"1053":{"start":{"line":1054,"column":0},"end":{"line":1054,"column":45}},"1054":{"start":{"line":1055,"column":0},"end":{"line":1055,"column":18}},"1055":{"start":{"line":1056,"column":0},"end":{"line":1056,"column":5}},"1056":{"start":{"line":1057,"column":0},"end":{"line":1057,"column":49}},"1057":{"start":{"line":1058,"column":0},"end":{"line":1058,"column":39}},"1058":{"start":{"line":1059,"column":0},"end":{"line":1059,"column":0}},"1059":{"start":{"line":1060,"column":0},"end":{"line":1060,"column":0}},"1060":{"start":{"line":1061,"column":0},"end":{"line":1061,"column":19}},"1061":{"start":{"line":1062,"column":0},"end":{"line":1062,"column":39}},"1062":{"start":{"line":1063,"column":0},"end":{"line":1063,"column":13}},"1063":{"start":{"line":1064,"column":0},"end":{"line":1064,"column":5}},"1064":{"start":{"line":1065,"column":0},"end":{"line":1065,"column":73}},"1065":{"start":{"line":1066,"column":0},"end":{"line":1066,"column":24}},"1066":{"start":{"line":1067,"column":0},"end":{"line":1067,"column":28}},"1067":{"start":{"line":1068,"column":0},"end":{"line":1068,"column":53}},"1068":{"start":{"line":1069,"column":0},"end":{"line":1069,"column":64}},"1069":{"start":{"line":1070,"column":0},"end":{"line":1070,"column":5}},"1070":{"start":{"line":1071,"column":0},"end":{"line":1071,"column":28}},"1071":{"start":{"line":1072,"column":0},"end":{"line":1072,"column":0}},"1072":{"start":{"line":1073,"column":0},"end":{"line":1073,"column":19}},"1073":{"start":{"line":1074,"column":0},"end":{"line":1074,"column":55}},"1074":{"start":{"line":1075,"column":0},"end":{"line":1075,"column":13}},"1075":{"start":{"line":1076,"column":0},"end":{"line":1076,"column":5}},"1076":{"start":{"line":1077,"column":0},"end":{"line":1077,"column":55}},"1077":{"start":{"line":1078,"column":0},"end":{"line":1078,"column":103}},"1078":{"start":{"line":1079,"column":0},"end":{"line":1079,"column":39}},"1079":{"start":{"line":1080,"column":0},"end":{"line":1080,"column":7}},"1080":{"start":{"line":1081,"column":0},"end":{"line":1081,"column":107}},"1081":{"start":{"line":1082,"column":0},"end":{"line":1082,"column":36}},"1082":{"start":{"line":1083,"column":0},"end":{"line":1083,"column":7}},"1083":{"start":{"line":1084,"column":0},"end":{"line":1084,"column":6}},"1084":{"start":{"line":1085,"column":0},"end":{"line":1085,"column":63}},"1085":{"start":{"line":1086,"column":0},"end":{"line":1086,"column":18}},"1086":{"start":{"line":1087,"column":0},"end":{"line":1087,"column":68}},"1087":{"start":{"line":1088,"column":0},"end":{"line":1088,"column":6}},"1088":{"start":{"line":1089,"column":0},"end":{"line":1089,"column":49}},"1089":{"start":{"line":1090,"column":0},"end":{"line":1090,"column":0}},"1090":{"start":{"line":1091,"column":0},"end":{"line":1091,"column":19}},"1091":{"start":{"line":1092,"column":0},"end":{"line":1092,"column":39}},"1092":{"start":{"line":1093,"column":0},"end":{"line":1093,"column":37}},"1093":{"start":{"line":1094,"column":0},"end":{"line":1094,"column":5}},"1094":{"start":{"line":1095,"column":0},"end":{"line":1095,"column":37}},"1095":{"start":{"line":1096,"column":0},"end":{"line":1096,"column":0}},"1096":{"start":{"line":1097,"column":0},"end":{"line":1097,"column":39}},"1097":{"start":{"line":1098,"column":0},"end":{"line":1098,"column":52}},"1098":{"start":{"line":1099,"column":0},"end":{"line":1099,"column":24}},"1099":{"start":{"line":1100,"column":0},"end":{"line":1100,"column":8}},"1100":{"start":{"line":1101,"column":0},"end":{"line":1101,"column":68}},"1101":{"start":{"line":1102,"column":0},"end":{"line":1102,"column":29}},"1102":{"start":{"line":1103,"column":0},"end":{"line":1103,"column":17}},"1103":{"start":{"line":1104,"column":0},"end":{"line":1104,"column":5}},"1104":{"start":{"line":1105,"column":0},"end":{"line":1105,"column":9}},"1105":{"start":{"line":1106,"column":0},"end":{"line":1106,"column":0}},"1106":{"start":{"line":1107,"column":0},"end":{"line":1107,"column":80}},"1107":{"start":{"line":1108,"column":0},"end":{"line":1108,"column":38}},"1108":{"start":{"line":1109,"column":0},"end":{"line":1109,"column":13}},"1109":{"start":{"line":1110,"column":0},"end":{"line":1110,"column":5}},"1110":{"start":{"line":1111,"column":0},"end":{"line":1111,"column":66}},"1111":{"start":{"line":1112,"column":0},"end":{"line":1112,"column":83}},"1112":{"start":{"line":1113,"column":0},"end":{"line":1113,"column":13}},"1113":{"start":{"line":1114,"column":0},"end":{"line":1114,"column":5}},"1114":{"start":{"line":1115,"column":0},"end":{"line":1115,"column":64}},"1115":{"start":{"line":1116,"column":0},"end":{"line":1116,"column":81}},"1116":{"start":{"line":1117,"column":0},"end":{"line":1117,"column":13}},"1117":{"start":{"line":1118,"column":0},"end":{"line":1118,"column":5}},"1118":{"start":{"line":1119,"column":0},"end":{"line":1119,"column":47}},"1119":{"start":{"line":1120,"column":0},"end":{"line":1120,"column":9}},"1120":{"start":{"line":1121,"column":0},"end":{"line":1121,"column":0}},"1121":{"start":{"line":1122,"column":0},"end":{"line":1122,"column":80}},"1122":{"start":{"line":1123,"column":0},"end":{"line":1123,"column":17}},"1123":{"start":{"line":1124,"column":0},"end":{"line":1124,"column":21}},"1124":{"start":{"line":1125,"column":0},"end":{"line":1125,"column":5}},"1125":{"start":{"line":1126,"column":0},"end":{"line":1126,"column":9}},"1126":{"start"
[...]
ine":585,"column":0},"end":{"line":585,"column":21}},"585":{"start":{"line":586,"column":0},"end":{"line":586,"column":48}},"586":{"start":{"line":587,"column":0},"end":{"line":587,"column":104}},"587":{"start":{"line":588,"column":0},"end":{"line":588,"column":56}},"588":{"start":{"line":589,"column":0},"end":{"line":589,"column":67}},"589":{"start":{"line":590,"column":0},"end":{"line":590,"column":68}},"590":{"start":{"line":591,"column":0},"end":{"line":591,"column":42}},"591":{"start":{"line":592,"column":0},"end":{"line":592,"column":0}},"592":{"start":{"line":593,"column":0},"end":{"line":593,"column":24}},"593":{"start":{"line":594,"column":0},"end":{"line":594,"column":51}},"594":{"start":{"line":595,"column":0},"end":{"line":595,"column":41}},"595":{"start":{"line":596,"column":0},"end":{"line":596,"column":6}},"596":{"start":{"line":597,"column":0},"end":{"line":597,"column":38}},"597":{"start":{"line":598,"column":0},"end":{"line":598,"column":4}},"598":{"start":{"line":599,"column":0},"end":{"line":599,"column":0}},"599":{"start":{"line":600,"column":0},"end":{"line":600,"column":57}},"600":{"start":{"line":601,"column":0},"end":{"line":601,"column":27}},"601":{"start":{"line":602,"column":0},"end":{"line":602,"column":0}},"602":{"start":{"line":603,"column":0},"end":{"line":603,"column":84}},"603":{"start":{"line":604,"column":0},"end":{"line":604,"column":96}},"604":{"start":{"line":605,"column":0},"end":{"line":605,"column":67}},"605":{"start":{"line":606,"column":0},"end":{"line":606,"column":13}},"606":{"start":{"line":607,"column":0},"end":{"line":607,"column":5}},"607":{"start":{"line":608,"column":0},"end":{"line":608,"column":0}},"608":{"start":{"line":609,"column":0},"end":{"line":609,"column":51}},"609":{"start":{"line":610,"column":0},"end":{"line":610,"column":59}},"610":{"start":{"line":611,"column":0},"end":{"line":611,"column":5}},"611":{"start":{"line":612,"column":0},"end":{"line":612,"column":0}},"612":{"start":{"line":613,"column":0},"end":{"line":613,"column":63}},"613":{"start":{"line":614,"column":0},"end":{"line":614,"column":45}},"614":{"start":{"line":615,"column":0},"end":{"line":615,"column":69}},"615":{"start":{"line":616,"column":0},"end":{"line":616,"column":15}},"616":{"start":{"line":617,"column":0},"end":{"line":617,"column":7}},"617":{"start":{"line":618,"column":0},"end":{"line":618,"column":58}},"618":{"start":{"line":619,"column":0},"end":{"line":619,"column":32}},"619":{"start":{"line":620,"column":0},"end":{"line":620,"column":31}},"620":{"start":{"line":621,"column":0},"end":{"line":621,"column":39}},"621":{"start":{"line":622,"column":0},"end":{"line":622,"column":0}},"622":{"start":{"line":623,"column":0},"end":{"line":623,"column":5}},"623":{"start":{"line":624,"column":0},"end":{"line":624,"column":56}},"624":{"start":{"line":625,"column":0},"end":{"line":625,"column":5}},"625":{"start":{"line":626,"column":0},"end":{"line":626,"column":42}},"626":{"start":{"line":627,"column":0},"end":{"line":627,"column":28}},"627":{"start":{"line":628,"column":0},"end":{"line":628,"column":67}},"628":{"start":{"line":629,"column":0},"end":{"line":629,"column":0}},"629":{"start":{"line":630,"column":0},"end":{"line":630,"column":33}},"630":{"start":{"line":631,"column":0},"end":{"line":631,"column":41}},"631":{"start":{"line":632,"column":0},"end":{"line":632,"column":38}},"632":{"start":{"line":633,"column":0},"end":{"line":633,"column":0}},"633":{"start":{"line":634,"column":0},"end":{"line":634,"column":71}},"634":{"start":{"line":635,"column":0},"end":{"line":635,"column":50}},"635":{"start":{"line":636,"column":0},"end":{"line":636,"column":104}},"636":{"start":{"line":637,"column":0},"end":{"line":637,"column":0}},"637":{"start":{"line":638,"column":0},"end":{"line":638,"column":88}},"638":{"start":{"line":639,"column":0},"end":{"line":639,"column":88}},"639":{"start":{"line":640,"column":0},"end":{"line":640,"column":42}},"640":{"start":{"line":641,"column":0},"end":{"line":641,"column":88}},"641":{"start":{"line":642,"column":0},"end":{"line":642,"column":25}},"642":{"start":{"line":643,"column":0},"end":{"line":643,"column":49}},"643":{"start":{"line":644,"column":0},"end":{"line":644,"column":31}},"644":{"start":{"line":645,"column":0},"end":{"line":645,"column":26}},"645":{"start":{"line":646,"column":0},"end":{"line":646,"column":52}},"646":{"start":{"line":647,"column":0},"end":{"line":647,"column":43}},"647":{"start":{"line":648,"column":0},"end":{"line":648,"column":15}},"648":{"start":{"line":649,"column":0},"end":{"line":649,"column":7}},"649":{"start":{"line":650,"column":0},"end":{"line":650,"column":28}},"650":{"start":{"line":651,"column":0},"end":{"line":651,"column":49}},"651":{"start":{"line":652,"column":0},"end":{"line":652,"column":54}},"652":{"start":{"line":653,"column":0},"end":{"line":653,"column":26}},"653":{"start":{"line":654,"column":0},"end":{"line":654,"column":52}},"654":{"start":{"line":655,"column":0},"end":{"line":655,"column":43}},"655":{"start":{"line":656,"column":0},"end":{"line":656,"column":15}},"656":{"start":{"line":657,"column":0},"end":{"line":657,"column":7}},"657":{"start":{"line":658,"column":0},"end":{"line":658,"column":0}},"658":{"start":{"line":659,"column":0},"end":{"line":659,"column":53}},"659":{"start":{"line":660,"column":0},"end":{"line":660,"column":35}},"660":{"start":{"line":661,"column":0},"end":{"line":661,"column":0}},"661":{"start":{"line":662,"column":0},"end":{"line":662,"column":100}},"662":{"start":{"line":663,"column":0},"end":{"line":663,"column":81}},"663":{"start":{"line":664,"column":0},"end":{"line":664,"column":78}},"664":{"start":{"line":665,"column":0},"end":{"line":665,"column":0}},"665":{"start":{"line":666,"column":0},"end":{"line":666,"column":40}},"666":{"start":{"line":667,"column":0},"end":{"line":667,"column":38}},"667":{"start":{"line":668,"column":0},"end":{"line":668,"column":73}},"668":{"start":{"line":669,"column":0},"end":{"line":669,"column":86}},"669":{"start":{"line":670,"column":0},"end":{"line":670,"column":77}},"670":{"start":{"line":671,"column":0},"end":{"line":671,"column":14}},"671":{"start":{"line":672,"column":0},"end":{"line":672,"column":44}},"672":{"start":{"line":673,"column":0},"end":{"line":673,"column":90}},"673":{"start":{"line":674,"column":0},"end":{"line":674,"column":0}},"674":{"start":{"line":675,"column":0},"end":{"line":675,"column":74}},"675":{"start":{"line":676,"column":0},"end":{"line":676,"column":74}},"676":{"start":{"line":677,"column":0},"end":{"line":677,"column":36}},"677":{"start":{"line":678,"column":0},"end":{"line":678,"column":42}},"678":{"start":{"line":679,"column":0},"end":{"line":679,"column":21}},"679":{"start":{"line":680,"column":0},"end":{"line":680,"column":11}},"680":{"start":{"line":681,"column":0},"end":{"line":681,"column":41}},"681":{"start":{"line":682,"column":0},"end":{"line":682,"column":21}},"682":{"start":{"line":683,"column":0},"end":{"line":683,"column":18}},"683":{"start":{"line":684,"column":0},"end":{"line":684,"column":11}},"684":{"start":{"line":685,"column":0},"end":{"line":685,"column":9}},"685":{"start":{"line":686,"column":0},"end":{"line":686,"column":0}},"686":{"start":{"line":687,"column":0},"end":{"line":687,"column":28}},"687":{"start":{"line":688,"column":0},"end":{"line":688,"column":78}},"688":{"start":{"line":689,"column":0},"end":{"line":689,"column":57}},"689":{"start":{"line":690,"column":0},"end":{"line":690,"column":35}},"690":{"start":{"line":691,"column":0},"end":{"line":691,"column":83}},"691":{"start":{"line":692,"column":0},"end":{"line":692,"column":73}},"692":{"start":{"line":693,"column":0},"end":{"line":693,"column":107}},"693":{"start":{"line":694,"column":0},"end":{"line":694,"column":34}},"694":{"start":{"line":695,"column":0},"end":{"line":695,"column":78}},"695":{"start":{"line":696,"column":0},"end":{"line":696,"column":69}},"696":{"start":{"line":697,"column":0},"end":{"line":697,"column":93}},"697":{"start":{"line":698,"column":0},"end":{"line":698,"column":16}},"698":{"start":{"line":699,"column":0},"end":{"line":699,"column":88}},"699":{"start":{"line":700,"column":0},"end":{"line":700,"column":79}},"700":{"start":{"line":701,"column":0},"end":{"line":701,"column":9}},"701":{"start":{"line":702,"column":0},"end":{"line":702,"column":7}},"702":{"start":{"line":703,"column":0},"end":{"line":703,"column":0}},"703":{"start":{"line":704,"column":0},"end":{"line":704,"column":15}},"704":{"start":{"line":705,"column":0},"end":{"line":705,"column":105}},"705":{"start":{"line":706,"column":0},"end":{"line":706,"column":0}},"706":{"start":{"line":707,"column":0},"end":{"line":707,"column":106}},"707":{"start":{"line":708,"column":0},"end":{"line":708,"column":96}},"708":{"start":{"line":709,"column":0},"end":{"line":709,"column":59}},"709":{"start":{"line":710,"column":0},"end":{"line":710,"column":83}},"710":{"start":{"line":711,"column":0},"end":{"line":711,"column":15}},"711":{"start":{"line":712,"column":0},"end":{"line":712,"column":7}},"712":{"start":{"line":713,"column":0},"end":{"line":713,"column":83}},"713":{"start":{"line":714,"column":0},"end":{"line":714,"column":15}},"714":{"start":{"line":715,"column":0},"end":{"line":715,"column":7}},"715":{"start":{"line":716,"column":0},"end":{"line":716,"column":0}},"716":{"start":{"line":717,"column":0},"end":{"line":717,"column":94}},"717":{"start":{"line":718,"column":0},"end":{"line":718,"column":93}},"718":{"start":{"line":719,"column":0},"end":{"line":719,"column":0}},"719":{"start":{"line":720,"column":0},"end":{"line":720,"column":47}},"720":{"start":{"line":721,"column":0},"end":{"line":721,"column":49}},"721":{"start":{"line":722,"column":0},"end":{"line":722,"column":0}},"722":{"start":{"line":723,"column":0},"end":{"line":723,"column":24}},"723":{"start":{"line":724,"column":0},"end":{"line":724,"column":50}},"724":{"start":{"line":725,"column":0},"end":{"line":725,"column":41}},"725":{"start":{"line":726,"column":0},"end":{"line":726,"column":6}},"726":{"start":{"line":727,"column":0},"end":{"line":727,"column":38}},"727":{"start":{"line":728,"column":0},"end":{"line":728,"column":4}},"728":{"start":{"line":729,"column":0},"end":{"line":729,"column":0}},"729":{"start":{"line":730,"column":0},"end":{"line":730,"column":51}},"730":{"start":{"line":731,"column":0},"end":{"line":731,"column":28}},"731":{"start":{"line":732,"column":0},"end":{"line":732,"column":29}},"732":{"start":{"line":733,"column":0},"end":{"line":733,"column":61}},"733":{"start":{"line":734,"column":0},"end":{"line":734,"column":0}},"734":{"start":{"line":735,"column":0},"end":{"line":735,"column":54}},"735":{"start":{"line":736,"column":0},"end":{"line":736,"column":62}},"736":{"start":{"line":737,"column":0},"end":{"line":737,"column":7}},"737":{"start":{"line":738,"column":0},"end":{"line":738,"column":0}},"738":{"start":{"line":739,"column":0},"end":{"line":739,"column":66}},"739":{"start":{"line":740,"column":0},"end":{"line":740,"column":48}},"740":{"start":{"line":741,"column":0},"end":{"line":741,"column":70}},"741":{"start":{"line":742,"column":0},"end":{"line":742,"column":72}},"742":{"start":{"line":743,"column":0},"end":{"line":743,"column":33}},"743":{"start":{"line":744,"column":0},"end":{"line":744,"column":6}},"744":{"start":{"line":745,"column":0},"end":{"line":745,"column":37}},"745":{"start":{"line":746,"column":0},"end":{"line":746,"column":4}},"746":{"start":{"line":747,"column":0},"end":{"line":747,"column":0}},"747":{"start":{"line":748,"column":0},"end":{"line":748,"column":5}},"748":{"start":{"line":749,"column":0},"end":{"line":749,"column":45}},"749":{"start":{"line":750,"column":0},"end":{"line":750,"column":5}},"750":{"start":{"line":751,"column":0},"end":{"line":751,"column":48}},"751":{"start":{"line":752,"column":0},"end":{"line":752,"column":27}},"752":{"start":{"line":753,"column":0},"end":{"line":753,"column":0}},"753":{"start":{"line":754,"column":0},"end":{"line":754,"column":31}},"754":{"start":{"line":755,"column":0},"end":{"line":755,"column":24}},"755":{"start":{"line":756,"column":0},"end":{"line":756,"column":0}},"756":{"start":{"line":757,"column":0},"end":{"line":757,"column":28}},"757":{"start":{"line":758,"column":0},"end":{"line":758,"column":21}},"758":{"start":{"line":759,"column":0},"end":{"line":759,"column":0}},"759":{"start":{"line":760,"column":0},"end":{"line":760,"column":40}},"760":{"start":{"line":761,"column":0},"end":{"line":761,"column":22}},"761":{"start":{"line":762,"column":0},"end":{"line":762,"column":81}},"762":{"start":{"line":763,"column":0},"end":{"line":763,"column":61}},"763":{"start":{"line":764,"column":0},"end":{"line":764,"column":12}},"764":{"start":{"line":765,"column":0},"end":{"line":765,"column":66}},"765":{"start":{"line":766,"column":0},"end":{"line":766,"column":0}},"766":{"start":{"line":767,"column":0},"end":{"line":767,"column":10}},"767":{"start":{"line":768,"column":0},"end":{"line":768,"column":24}},"768":{"start":{"line":769,"column":0},"end":{"line":769,"column":24}},"769":{"start":{"line":770,"column":0},"end":{"line":770,"column":19}},"770":{"start":{"line":771,"column":0},"end":{"line":771,"column":23}},"771":{"start":{"line":772,"column":0},"end":{"line":772,"column":32}},"772":{"start":{"line":773,"column":0},"end":{"line":773,"column":33}},"773":{"start":{"line":774,"column":0},"end":{"line":774,"column":4}},"774":{"start":{"line":775,"column":0},"end":{"line":775,"column":1}}},"s":{"0":0,"1":0,"2":0,"3":0,"4":0,"5":0,"6":0,"7":0,"8":0,"9":0,"10":0,"11":0,"12":0,"13":0,"14":0,"15":0,"16":0,"17":0,"18":0,"19":0,"20":0,"21":0,"22":0,"23":0,"24":0,"25":0,"26":0,"27":0,"28":0,"29":0,"30":0,"31":0,"32":0,"33":0,"34":0,"35":0,"36":0,"37":0,"38":0,"39":0,"40":0,"41":0,"42":0,"43":0,"44":0,"45":0,"46":0,"47":0,"48":0,"49":0,"50":0,"51":0,"52":0,"53":0,"54":0,"55":0,"56":0,"57":0,"58":0,"59":0,"60":0,"61":0,"62":0,"63":0,"64":0,"65":0,"66":0,"67":0,"68":0,"69":0,"70":0,"71":0,"72":0,"73":0,"74":0,"75":0,"76":0,"77":0,"78":0,"79":0,"80":0,"81":0,"82":0,"83":0,"84":0,"85":0,"86":0,"87":0,"88":0,"89":0,"90":0,"91":0,"92":0,"93":0,"94":0,"95":0,"96":0,"97":0,"98":0,"99":0,"100":0,"101":0,"102":0,"103":0,"104":0,"105":0,"106":0,"107":0,"108":0,"109":0,"110":0,"111":0,"112":0,"113":0,"114":0,"115":0,"116":0,"117":0,"118":0,"119":0,"120":0,"121":0,"122":0,"123":0,"124":0,"125":0,"126":0,"127":0,"128":0,"129":0,"130":0,"131":0,"132":0,"133":0,"134":0,"135":0,"136":0,"137":0,"138":0,"139":0,"140":0,"141":0,"142":0,"143":0,"144":0,"145":0,"146":0,"147":0,"148":0,"149":0,"150":0,"151":0,"152":0,"153":0,"154":0,"155":0,"156":0,"157":0,"158":0,"159":0,"160":0,"161":0,"162":0,"163":0,"164":0,"165":0,"166":0,"167":0,"168":0,"169":0,"170":0,"171":0,"172":0,"173":0,"174":0,"175":0,"176":0,"177":0,"178":0,"179":0,"180":0,"181":0,"182":0,"183":0,"184":0,"185":0,"186":0,"187":0,"188":0,"189":0,"190":0,"191":0,"192":0,"193":0,"194":0,"195":0,"196":0,"197":0,"198":0,"199":0,"200":0,"201":0,"202":0,"203":0,"204":0,"205":0,"206":0,"207":0,"208":0,"209":0,"210":0,"211":0,"212":0,"213":0,"214":0,"215":0,"216":0,"217":0,"218":0,"219":0,"220":0,"221":0,"222":0,"223":0,"224":0,"225":0,"226":0,"227":0,"228":0,"229":0,"230":0,"231":0,"232":0,"233":0,"234":0,"235":0,"236":0,"237":0,"238":0,"239":0,"240":0,"241":0,"242":0,"243":0,"244":0,"245":0,"246":0,"247":0,"248":0,"249":0,"250":0,"251":0,"252":0,"253":0,"254":0,"255":0,"256":0,"257":0,"258":0,"259":0,"260":0,"261":0,"262":0,"263":0,"264":0,"265":0,"266":0,"267":0,"268":0,"269":0,"270":0,"271":0,"272":0,"273":0,"274":0,"275":0,"276":0,"277":0,"278":0,"279":0,"280":0,"281":0,"282":0,"283":0,"284":0,"285":0,"286":0,"287":0,"288":0,"289":0,"290":0,"291":0,"292":0,"293":0,"294":0,"295":0,"296":0,"297":0,"298":0,"299":0,"300":0,"301":0,"302":0,"303":0,"304":0,"305":0,"306":0,"307":0,"308":0,"309":0,"310":0,"311":0,"312":0,"313":0,"314":0,"315":0,"316":0,"317":0,"318":0,"319":0,"320":0,"321":0,"322":0,"323":0,"324":0,"325":0,"326":0,"327":0,"328":0,"329":0,"330":0,"331":0,"332":0,"333":0,"334":0,"335":0,"336":0,"337":0,"338":0,"339":0,"340":0,"341":0,"342":0,"343":0,"344":0,"345":0,"346":0,"347":0,"348":0,"349":0,"350":0,"351":0,"352":0,"353":0,"354":0,"355":0,"356":0,"357":0,"358":0,"359":0,"360":0,"361":0,"362":0,"363":0,"364":0,"365":0,"366":0,"367":0,"368":0,"369":0,"370":0,"371":0,"372":0,"373":0,"374":0,"375":0,"376":0,"377":0,"378":0,"379":0,"380":0,"381":0,"382":0,"383":0,"384":0,"385":0,"386":0,"387":0,"388":0,"389":0,"390":0,"391":0,"392":0,"393":0,"394":0,"395":0,"396":0,"397":0,"398":0,"399":0,"400":0,"401":0,"402":0,"403":0,"404":0,"405":0,"406":0,"407":0,"408":0,"409":0,"410":0,"411":0,"412":0,"413":0,"414":0,"415":0,"416":0,"417":0,"418":0,"419":0,"420":0,"421":0,"422":0,"423":0,"424":0,"425":0,"426":0,"427":0,"428":0,"429":0,"430":0,"431":0,"432":0,"433":0,"434":0,"435":0,"436":0,"437":0,"438":0,"439":0,"440":0,"441":0,"442":0,"443":0,"444":0,"445":0,"446":0,"447":0,"448":0,"449":0,"450":0,"451":0,"452":0,"453":0,"454":0,"455":0,"456":0,"457":0,"458":0,"459":0,"460":0,"461":0,"462":0,"463":0,"464":0,"465":0,"466":0,"467":0,"468":0,"469":0,"470":0,"471":0,"472":0,"473":0,"474":0,"475":0,"476":0,"477":0,"478":0,"479":0,"480":0,"481":0,"482":0,"483":0,"484":0,"485":0,"486":0,"487":0,"488":0,"489":0,"490":0,"491":0,"492":0,"493":0,"494":0,"495":0,"496":0,"497":0,"498":0,"499":0,"500":0,"501":0,"502":0,"503":0,"504":0,"505":0,"506":0,"507":0,"508":0,"509":0,"510":0,"511":0,"512":0,"513":0,"514":0,"515":0,"516":0,"517":0,"518":0,"519":0,"520":0,"521":0,"522":0,"523":0,"524":0,"525":0,"526":0,"527":0,"528":0,"529":0,"530":0,"531":0,"532":0,"533":0,"534":0,"535":0,"536":0,"537":0,"538":0,"539":0,"540":0,"541":0,"542":0,"543":0,"544":0,"545":0,"546":0,"547":0,"548":0,"549":0,"550":0,"551":0,"552":0,"553":0,"554":0,"555":0,"556":0,"557":0,"558":0,"559":0,"560":0,"561":0,"562":0,"563":0,"564":0,"565":0,"566":0,"567":0,"568":0,"569":0,"570":0,"571":0,"572":0,"573":0,"574":0,"575":0,"576":0,"577":0,"578":0,"579":0,"580":0,"581":0,"582":0,"583":0,"584":0,"585":0,"586":0,"587":0,"588":0,"589":0,"590":0,"591":0,"592":0,"593":0,"594":0,"595":0,"596":0,"597":0,"598":0,"599":0,"600":0,"601":0,"602":0,"603":0,"604":0,"605":0,"606":0,"607":0,"608":0,"609":0,"610":0,"611":0,"612":0,"613":0,"614":0,"615":0,"616":0,"617":0,"618":0,"619":0,"620":0,"621":0,"622":0,"623":0,"624":0,"625":0,"626":0,"627":0,"628":0,"629":0,"630":0,"631":0,"632":0,"633":0,"634":0,"635":0,"636":0,"637":0,"638":0,"639":0,"640":0,"641":0,"642":0,"643":0,"644":0,"645":0,"646":0,"647":0,"648":0,"649":0,"650":0,"651":0,"652":0,"653":0,"654":0,"655":0,"656":0,"657":0,"658":0,"659":0,"660":0,"661":0,"662":0,"663":0,"664":0,"665":0,"666":0,"667":0,"668":0,"669":0,"670":0,"671":0,"672":0,"673":0,"674":0,"675":0,"676":0,"677":0,"678":0,"679":0,"680":0,"681":0,"682":0,"683":0,"684":0,"685":0,"686":0,"687":0,"688":0,"689":0,"690":0,"691":0,"692":0,"693":0,"694":0,"695":0,"696":0,"697":0,"698":0,"699":0,"700":0,"701":0,"702":0,"703":0,"704":0,"705":0,"706":0,"707":0,"708":0,"709":0,"710":0,"711":0,"712":0,"713":0,"714":0,"715":0,"716":0,"717":0,"718":0,"719":0,"720":0,"721":0,"722":0,"723":0,"724":0,"725":0,"726":0,"727":0,"728":0,"729":0,"730":0,"731":0,"732":0,"733":0,"734":0,"735":0,"736":0,"737":0,"738":0,"739":0,"740":0,"741":0,"742":0,"743":0,"744":0,"745":0,"746":0,"747":0,"748":0,"749":0,"750":0,"751":0,"752":0,"753":0,"754":0,"755":0,"756":0,"757":0,"758":0,"759":0,"760":0,"761":0,"762":0,"763":0,"764":0,"765":0,"766":0,"767":0,"768":0,"769":0,"770":0,"771":0,"772":0,"773":0,"774":0},"branchMap":{"0":{"type":"branch","line":1,"loc":{"start":{"line":1,"column":0},"end":{"line":775,"column":1}},"locations":[{"start":{"line":1,"column":0},"end":{"line":775,"column":1}}]}},"b":{"0":[0]},"fnMap":{"0":{"name":"(empty-report)","decl":{"start":{"line":1,"column":0},"end":{"line":775,"column":1}},"loc":{"start":{"line":1,"column":0},"end":{"line":775,"column":1}},"line":1}},"f":{"0":0}}
}
